Array
(
    [aid] => A2944968309559611761
    [tid] => T2944968283788845995
    [cid] => CT09608347
    [sid] => S2944968339626225280
    [partner_order_id] => 21092302205938
    [partner_user_id] => 391
    [payment_method_type] => MONEY
    [item_name] => [정기결제]37000
    [quantity] => 1
    [amount] => Array
        (
            [total] => 37000
            [tax_free] => 0
            [vat] => 3364
            [point] => 0
            [discount] => 0
        )

    [created_at] => 2021-09-23T02:21:01
    [approved_at] => 2021-09-23T02:21:14
    [od_app_no] => A2944968309559611761
    [od_billkey] => S2944968339626225280
)
Array
(
    [aid] => A2945085231455127920
    [tid] => T2945085179914235242
    [cid] => CT09608347
    [sid] => S2945085257225781256
    [partner_order_id] => 21092309543656
    [partner_user_id] => 29
    [payment_method_type] => MONEY
    [item_name] => [정기결제]12000
    [quantity] => 1
    [amount] => Array
        (
            [total] => 12000
            [tax_free] => 0
            [vat] => 1091
            [point] => 0
            [discount] => 0
        )

    [created_at] => 2021-09-23T09:54:39
    [approved_at] => 2021-09-23T09:54:56
    [od_app_no] => A2945085231455127920
    [od_billkey] => S2945085257225781256
)
