Array
(
    [msg] => approval failure!
    [code] => -780
    [extras] => Array
        (
            [method_result_code] => LACK_BALANCE
            [method_result_message] => 계좌 잔액 부족! 다른 계좌로 시도해 주세요.
        )

)
Array
(
    [aid] => A2943301883724427871
    [tid] => T2943301866545396332
    [cid] => CT09608347
    [sid] => S2943301918084954097
    [partner_order_id] => 21091814342819
    [partner_user_id] => 369
    [payment_method_type] => CARD
    [item_name] => [정기결제]37000
    [quantity] => 1
    [amount] => Array
        (
            [total] => 37000
            [tax_free] => 0
            [vat] => 3364
            [point] => 0
            [discount] => 0
        )

    [card_info] => Array
        (
            [approved_id] => 30300240
            [bin] => 531838
            [card_mid] => 00995668449
            [card_type] => 체크
            [install_month] => 00
            [issuer_corp] => 하나카드
            [issuer_corp_code] => 03
            [purchase_corp] => 외환카드
            [purchase_corp_code] => 03
            [interest_free_install] => N
            [kakaopay_purchase_corp] => 하나카드
            [kakaopay_purchase_corp_code] => 707
            [kakaopay_issuer_corp] => 하나카드
            [kakaopay_issuer_corp_code] => 107
        )

    [created_at] => 2021-09-18T14:34:29
    [approved_at] => 2021-09-18T14:34:39
    [od_app_no] => A2943301883724427871
    [od_billkey] => S2943301918084954097
)
