Array
(
    [aid] => A2942587059431655964
    [tid] => T2942586891929738672
    [cid] => CT09608347
    [sid] => S2942587102383240945
    [partner_order_id] => 21091616195897
    [partner_user_id] => 361
    [payment_method_type] => MONEY
    [item_name] => [정기결제]21000
    [quantity] => 1
    [amount] => Array
        (
            [total] => 21000
            [tax_free] => 0
            [vat] => 1909
            [point] => 0
            [discount] => 0
        )

    [created_at] => 2021-09-16T16:20:00
    [approved_at] => 2021-09-16T16:20:47
    [od_app_no] => A2942587059431655964
    [od_billkey] => S2942587102383240945
)
