Array
(
    [aid] => A2947458724871397782
    [tid] => T2947458677626235140
    [cid] => CT09608347
    [sid] => S2947458763525636115
    [partner_order_id] => 21092919250060
    [partner_user_id] => 438
    [payment_method_type] => CARD
    [item_name] => [정기결제]37000
    [quantity] => 1
    [amount] => Array
        (
            [total] => 37000
            [tax_free] => 0
            [vat] => 3364
            [point] => 0
            [discount] => 0
        )

    [card_info] => Array
        (
            [approved_id] => 08363989
            [bin] => 542879
            [card_mid] => 0111990024
            [card_type] => 신용
            [install_month] => 00
            [issuer_corp] => 신한카드
            [issuer_corp_code] => 07
            [purchase_corp] => 신한카드
            [purchase_corp_code] => 07
            [interest_free_install] => N
            [kakaopay_purchase_corp] => 신한카드
            [kakaopay_purchase_corp_code] => 701
            [kakaopay_issuer_corp] => 신한카드
            [kakaopay_issuer_corp_code] => 101
        )

    [created_at] => 2021-09-29T19:25:01
    [approved_at] => 2021-09-29T19:25:21
    [od_app_no] => A2947458724871397782
    [od_billkey] => S2947458763525636115
)
