Array
(
    [aid] => A2936563617090786112
    [tid] => T2936563286377491318
    [cid] => TCSUBSCRIP
    [sid] => S2936563621384975205
    [partner_order_id] => 21083110451932
    [partner_user_id] => 1
    [payment_method_type] => MONEY
    [item_name] => [정기결제]12000
    [quantity] => 1
    [amount] => Array
        (
            [total] => 12000
            [tax_free] => 0
            [vat] => 1091
            [point] => 0
            [discount] => 0
        )

    [created_at] => 2021-08-31T10:45:20
    [approved_at] => 2021-08-31T10:46:38
    [od_app_no] => A2936563617090786112
    [od_billkey] => S2936563621384975205
)
