Array
(
    [aid] => A2956210605502953806
    [tid] => T2956210575437021760
    [cid] => CT09608347
    [sid] => S2956210644153942681
    [partner_order_id] => 21102309265073
    [partner_user_id] => 478
    [payment_method_type] => MONEY
    [item_name] => [정기결제]36000
    [quantity] => 1
    [amount] => Array
        (
            [total] => 36000
            [tax_free] => 0
            [vat] => 3273
            [point] => 0
            [discount] => 0
        )

    [created_at] => 2021-10-23T09:26:52
    [approved_at] => 2021-10-23T09:27:06
    [od_app_no] => A2956210605502953806
    [od_billkey] => S2956210644153942681
)
