Array
(
    [aid] => A2939525293210452913
    [tid] => T2939525280324779863
    [cid] => CT09608347
    [sid] => S2939525331866730791
    [partner_order_id] => 21090810192153
    [partner_user_id] => 114
    [payment_method_type] => MONEY
    [item_name] => [정기결제]17000
    [quantity] => 1
    [amount] => Array
        (
            [total] => 17000
            [tax_free] => 0
            [vat] => 1545
            [point] => 0
            [discount] => 0
        )

    [created_at] => 2021-09-08T10:19:23
    [approved_at] => 2021-09-08T10:19:35
    [od_app_no] => A2939525293210452913
    [od_billkey] => S2939525331866730791
)
