Array
(
    [aid] => A2949366618064598341
    [tid] => T2949366588000892909
    [cid] => CT09608347
    [sid] => S2949366661015072449
    [partner_order_id] => 21100422484014
    [partner_user_id] => 423
    [payment_method_type] => MONEY
    [item_name] => [정기결제]37000
    [quantity] => 1
    [amount] => Array
        (
            [total] => 37000
            [tax_free] => 0
            [vat] => 3364
            [point] => 0
            [discount] => 0
        )

    [created_at] => 2021-10-04T22:48:41
    [approved_at] => 2021-10-04T22:48:57
    [od_app_no] => A2949366618064598341
    [od_billkey] => S2949366661015072449
)
Array
(
    [aid] => A2949370732645041640
    [tid] => T2949370706871572505
    [cid] => CT09608347
    [sid] => S2949370792773793264
    [partner_order_id] => 21100423043962
    [partner_user_id] => 445
    [payment_method_type] => CARD
    [item_name] => [정기결제]12000
    [quantity] => 1
    [amount] => Array
        (
            [total] => 12000
            [tax_free] => 0
            [vat] => 1091
            [point] => 0
            [discount] => 0
        )

    [card_info] => Array
        (
            [approved_id] => 30076218
            [bin] => 460205
            [card_mid] => 00091750149
            [card_type] => 신용
            [install_month] => 00
            [issuer_corp] => 국민카드
            [issuer_corp_code] => 02
            [purchase_corp] => 국민카드
            [purchase_corp_code] => 02
            [card_item_code] => 9273
            [interest_free_install] => N
            [kakaopay_purchase_corp] => KB국민카드
            [kakaopay_purchase_corp_code] => 702
            [kakaopay_issuer_corp] => KB국민카드
            [kakaopay_issuer_corp_code] => 102
        )

    [created_at] => 2021-10-04T23:04:41
    [approved_at] => 2021-10-04T23:05:00
    [od_app_no] => A2949370732645041640
    [od_billkey] => S2949370792773793264
)
