Array
(
    [aid] => A2943841589314104027
    [tid] => T2943841554956139934
    [cid] => CT09608347
    [sid] => S2943841619378256454
    [partner_order_id] => 21092001284403
    [partner_user_id] => 379
    [payment_method_type] => CARD
    [item_name] => [정기결제]37000
    [quantity] => 1
    [amount] => Array
        (
            [total] => 37000
            [tax_free] => 0
            [vat] => 3364
            [point] => 0
            [discount] => 0
        )

    [card_info] => Array
        (
            [approved_id] => 38274897
            [bin] => 518831
            [card_mid] => 172436427
            [card_type] => 신용
            [install_month] => 00
            [issuer_corp] => 삼성카드
            [issuer_corp_code] => 06
            [purchase_corp] => 삼성카드
            [purchase_corp_code] => 06
            [interest_free_install] => N
            [kakaopay_purchase_corp] => 삼성카드
            [kakaopay_purchase_corp_code] => 705
            [kakaopay_issuer_corp] => 삼성카드
            [kakaopay_issuer_corp_code] => 105
        )

    [created_at] => 2021-09-20T01:28:45
    [approved_at] => 2021-09-20T01:28:59
    [od_app_no] => A2943841589314104027
    [od_billkey] => S2943841619378256454
)
Array
(
    [aid] => A2944124571824814384
    [tid] => T2944124546053954854
    [cid] => CT09608347
    [sid] => S2944124597593894928
    [partner_order_id] => 21092019465264
    [partner_user_id] => 381
    [payment_method_type] => MONEY
    [item_name] => [정기결제]37000
    [quantity] => 1
    [amount] => Array
        (
            [total] => 37000
            [tax_free] => 0
            [vat] => 3364
            [point] => 0
            [discount] => 0
        )

    [created_at] => 2021-09-20T19:46:54
    [approved_at] => 2021-09-20T19:47:04
    [od_app_no] => A2944124571824814384
    [od_billkey] => S2944124597593894928
)
Array
(
    [aid] => A2944125091515346328
    [tid] => T2944125074334955258
    [cid] => CT09608347
    [sid] => S2944125121579116504
    [partner_order_id] => 21092019485538
    [partner_user_id] => 381
    [payment_method_type] => MONEY
    [item_name] => [정기결제]37000
    [quantity] => 1
    [amount] => Array
        (
            [total] => 37000
            [tax_free] => 0
            [vat] => 3364
            [point] => 0
            [discount] => 0
        )

    [created_at] => 2021-09-20T19:48:57
    [approved_at] => 2021-09-20T19:49:06
    [od_app_no] => A2944125091515346328
    [od_billkey] => S2944125121579116504
)
Array
(
    [aid] => A2944141893429991864
    [tid] => T2944141725925558165
    [cid] => CT09608347
    [sid] => S2944141923491939180
    [partner_order_id] => 21092020533191
    [partner_user_id] => 382
    [payment_method_type] => CARD
    [item_name] => [정기결제]37000
    [quantity] => 1
    [amount] => Array
        (
            [total] => 37000
            [tax_free] => 0
            [vat] => 3364
            [point] => 0
            [discount] => 0
        )

    [card_info] => Array
        (
            [approved_id] => 07628146
            [bin] => 524242
            [card_mid] => 00995668449
            [card_type] => 체크
            [install_month] => 00
            [issuer_corp] => 하나카드
            [issuer_corp_code] => 03
            [purchase_corp] => 외환카드
            [purchase_corp_code] => 03
            [interest_free_install] => N
            [kakaopay_purchase_corp] => 하나카드
            [kakaopay_purchase_corp_code] => 707
            [kakaopay_issuer_corp] => 하나카드
            [kakaopay_issuer_corp_code] => 107
        )

    [created_at] => 2021-09-20T20:53:33
    [approved_at] => 2021-09-20T20:54:18
    [od_app_no] => A2944141893429991864
    [od_billkey] => S2944141923491939180
)
