Array
(
    [aid] => A2955582543845248837
    [tid] => T2955582500892165647
    [cid] => CT09608347
    [sid] => S2955582578202059756
    [partner_order_id] => 21102116493481
    [partner_user_id] => 494
    [payment_method_type] => MONEY
    [item_name] => [정기결제]37000
    [quantity] => 1
    [amount] => Array
        (
            [total] => 37000
            [tax_free] => 0
            [vat] => 3364
            [point] => 0
            [discount] => 0
        )

    [created_at] => 2021-10-21T16:49:37
    [approved_at] => 2021-10-21T16:49:52
    [od_app_no] => A2955582543845248837
    [od_billkey] => S2955582578202059756
)
Array
(
    [aid] => A2955630394073282308
    [tid] => T2955630355420471754
    [cid] => CT09608347
    [sid] => S2955630437022491369
    [partner_order_id] => 21102119551659
    [partner_user_id] => 488
    [payment_method_type] => MONEY
    [item_name] => [정기결제]37000
    [quantity] => 1
    [amount] => Array
        (
            [total] => 37000
            [tax_free] => 0
            [vat] => 3364
            [point] => 0
            [discount] => 0
        )

    [created_at] => 2021-10-21T19:55:19
    [approved_at] => 2021-10-21T19:55:36
    [od_app_no] => A2955630394073282308
    [od_billkey] => S2955630437022491369
)
Array
(
    [aid] => A2955676156952493014
    [tid] => T2955676092524256367
    [cid] => CT09608347
    [sid] => S2955676217079097982
    [partner_order_id] => 21102122524554
    [partner_user_id] => 496
    [payment_method_type] => MONEY
    [item_name] => [정기결제]37000
    [quantity] => 1
    [amount] => Array
        (
            [total] => 37000
            [tax_free] => 0
            [vat] => 3364
            [point] => 0
            [discount] => 0
        )

    [created_at] => 2021-10-21T22:52:48
    [approved_at] => 2021-10-21T22:53:15
    [od_app_no] => A2955676156952493014
    [od_billkey] => S2955676217079097982
)
