Array
(
    [aid] => A2941834671358660487
    [tid] => T2941834624110088688
    [cid] => CT09608347
    [sid] => S2941834710012235889
    [partner_order_id] => 21091415404766
    [partner_user_id] => 84
    [payment_method_type] => CARD
    [item_name] => [정기결제]17000
    [quantity] => 1
    [amount] => Array
        (
            [total] => 17000
            [tax_free] => 0
            [vat] => 1545
            [point] => 0
            [discount] => 0
        )

    [card_info] => Array
        (
            [approved_id] => 50715737
            [bin] => 942520
            [card_mid] => 714920082
            [card_type] => 신용
            [install_month] => 00
            [issuer_corp] => 비씨카드
            [issuer_corp_code] => 01
            [purchase_corp] => 비씨카드
            [purchase_corp_code] => 01
            [interest_free_install] => N
            [kakaopay_purchase_corp] => 비씨카드
            [kakaopay_purchase_corp_code] => 704
            [kakaopay_issuer_corp] => 우리카드
            [kakaopay_issuer_corp_code] => 110
        )

    [created_at] => 2021-09-14T15:40:49
    [approved_at] => 2021-09-14T15:41:08
    [od_app_no] => A2941834671358660487
    [od_billkey] => S2941834710012235889
)
