Array
(
    [aid] => A2946562060256654716
    [tid] => T2946561978651501541
    [cid] => CT09608347
    [sid] => S2946562107498143744
    [partner_order_id] => 21092709252080
    [partner_user_id] => 408
    [payment_method_type] => MONEY
    [item_name] => [정기결제]37000
    [quantity] => 1
    [amount] => Array
        (
            [total] => 37000
            [tax_free] => 0
            [vat] => 3364
            [point] => 0
            [discount] => 0
        )

    [created_at] => 2021-09-27T09:25:22
    [approved_at] => 2021-09-27T09:25:50
    [od_app_no] => A2946562060256654716
    [od_billkey] => S2946562107498143744
)
