Array
(
    [aid] => A2951283556459924222
    [tid] => T2951283517804425585
    [cid] => CT09608347
    [sid] => S2951283582226513525
    [partner_order_id] => 21101002472067
    [partner_user_id] => 462
    [payment_method_type] => CARD
    [item_name] => [정기결제]14000
    [quantity] => 1
    [amount] => Array
        (
            [total] => 14000
            [tax_free] => 0
            [vat] => 1273
            [point] => 0
            [discount] => 0
        )

    [card_info] => Array
        (
            [approved_id] => 54979831
            [bin] => 525783
            [card_mid] => 172436427
            [card_type] => 신용
            [install_month] => 00
            [issuer_corp] => 삼성카드
            [issuer_corp_code] => 06
            [purchase_corp] => 삼성카드
            [purchase_corp_code] => 06
            [interest_free_install] => N
            [kakaopay_purchase_corp] => 삼성카드
            [kakaopay_purchase_corp_code] => 705
            [kakaopay_issuer_corp] => 삼성카드
            [kakaopay_issuer_corp_code] => 105
        )

    [created_at] => 2021-10-10T02:47:22
    [approved_at] => 2021-10-10T02:47:36
    [od_app_no] => A2951283556459924222
    [od_billkey] => S2951283582226513525
)
