Array
(
    [aid] => A2947880409056023080
    [tid] => T2947880327450848330
    [cid] => CT09608347
    [sid] => S2947880585150984288
    [partner_order_id] => 21093022411279
    [partner_user_id] => 442
    [payment_method_type] => MONEY
    [item_name] => [정기결제]37000
    [quantity] => 1
    [amount] => Array
        (
            [total] => 37000
            [tax_free] => 0
            [vat] => 3364
            [point] => 0
            [discount] => 0
        )

    [created_at] => 2021-09-30T22:41:14
    [approved_at] => 2021-09-30T22:42:14
    [od_app_no] => A2947880409056023080
    [od_billkey] => S2947880585150984288
)
