Array
(
    [aid] => A2948140890234640679
    [tid] => T2948140851577137411
    [cid] => CT09608347
    [sid] => S2948140937476397051
    [partner_order_id] => 21100115321124
    [partner_user_id] => 68
    [payment_method_type] => CARD
    [item_name] => [정기결제]19900
    [quantity] => 1
    [amount] => Array
        (
            [total] => 19900
            [tax_free] => 0
            [vat] => 1809
            [point] => 0
            [discount] => 0
        )

    [card_info] => Array
        (
            [approved_id] => 00388672
            [bin] => 552290
            [card_mid] => 134756693
            [card_type] => 신용
            [install_month] => 00
            [issuer_corp] => 현대카드
            [issuer_corp_code] => 08
            [purchase_corp] => 현대카드
            [purchase_corp_code] => 08
            [interest_free_install] => N
            [kakaopay_purchase_corp] => 현대카드
            [kakaopay_purchase_corp_code] => 706
            [kakaopay_issuer_corp] => 현대카드
            [kakaopay_issuer_corp_code] => 106
        )

    [created_at] => 2021-10-01T15:32:13
    [approved_at] => 2021-10-01T15:32:32
    [od_app_no] => A2948140890234640679
    [od_billkey] => S2948140937476397051
)
