Array
(
    [aid] => A2944345474880173268
    [tid] => T2944345461994194947
    [cid] => CT09608347
    [sid] => S2944345509236486109
    [partner_order_id] => 21092110040777
    [partner_user_id] => 384
    [payment_method_type] => MONEY
    [item_name] => [정기결제]37000
    [quantity] => 1
    [amount] => Array
        (
            [total] => 37000
            [tax_free] => 0
            [vat] => 3364
            [point] => 0
            [discount] => 0
        )

    [created_at] => 2021-09-21T10:04:09
    [approved_at] => 2021-09-21T10:04:19
    [od_app_no] => A2944345474880173268
    [od_billkey] => S2944345509236486109
)
Array
(
    [aid] => A2944355366189841840
    [tid] => T2944355344711015988
    [cid] => CT09608347
    [sid] => S2944355391955878711
    [partner_order_id] => 21092110422890
    [partner_user_id] => 385
    [payment_method_type] => MONEY
    [item_name] => [정기결제]37000
    [quantity] => 1
    [amount] => Array
        (
            [total] => 37000
            [tax_free] => 0
            [vat] => 3364
            [point] => 0
            [discount] => 0
        )

    [created_at] => 2021-09-21T10:42:30
    [approved_at] => 2021-09-21T10:42:40
    [od_app_no] => A2944355366189841840
    [od_billkey] => S2944355391955878711
)
