Array
(
    [aid] => A2943704171838100620
    [tid] => T2943704034398025103
    [cid] => CT09608347
    [sid] => S2943704193311815285
    [partner_order_id] => 21091916350424
    [partner_user_id] => 374
    [payment_method_type] => MONEY
    [item_name] => [정기결제]37000
    [quantity] => 1
    [amount] => Array
        (
            [total] => 37000
            [tax_free] => 0
            [vat] => 3364
            [point] => 0
            [discount] => 0
        )

    [created_at] => 2021-09-19T16:35:05
    [approved_at] => 2021-09-19T16:35:41
    [od_app_no] => A2943704171838100620
    [od_billkey] => S2943704193311815285
)
