Array
(
    [aid] => A2956691929602800618
    [tid] => T2956691869472279067
    [cid] => CT09608347
    [sid] => S2956691985434013510
    [partner_order_id] => 21102416343022
    [partner_user_id] => 501
    [payment_method_type] => CARD
    [item_name] => [정기결제]37000
    [quantity] => 1
    [amount] => Array
        (
            [total] => 37000
            [tax_free] => 0
            [vat] => 3364
            [point] => 0
            [discount] => 0
        )

    [card_info] => Array
        (
            [approved_id] => 29175058
            [bin] => 536510
            [card_mid] => 00091750149
            [card_type] => 체크
            [install_month] => 00
            [issuer_corp] => 국민카드
            [issuer_corp_code] => 02
            [purchase_corp] => 국민카드
            [purchase_corp_code] => 02
            [card_item_code] => 9408
            [interest_free_install] => N
            [kakaopay_purchase_corp] => KB국민카드
            [kakaopay_purchase_corp_code] => 702
            [kakaopay_issuer_corp] => 카카오뱅크
            [kakaopay_issuer_corp_code] => 301
        )

    [created_at] => 2021-10-24T16:34:32
    [approved_at] => 2021-10-24T16:34:57
    [od_app_no] => A2956691929602800618
    [od_billkey] => S2956691985434013510
)
