Array
(
    [aid] => A2942705961307071186
    [tid] => T2942705935538385967
    [cid] => CT09608347
    [sid] => S2942705995665036745
    [partner_order_id] => 21091700015624
    [partner_user_id] => 362
    [payment_method_type] => CARD
    [item_name] => [정기결제]37000
    [quantity] => 1
    [amount] => Array
        (
            [total] => 37000
            [tax_free] => 0
            [vat] => 3364
            [point] => 0
            [discount] => 0
        )

    [card_info] => Array
        (
            [approved_id] => 76079517
            [bin] => 518831
            [card_mid] => 172436427
            [card_type] => 신용
            [install_month] => 00
            [issuer_corp] => 삼성카드
            [issuer_corp_code] => 06
            [purchase_corp] => 삼성카드
            [purchase_corp_code] => 06
            [interest_free_install] => N
            [kakaopay_purchase_corp] => 삼성카드
            [kakaopay_purchase_corp_code] => 705
            [kakaopay_issuer_corp] => 삼성카드
            [kakaopay_issuer_corp_code] => 105
        )

    [created_at] => 2021-09-17T00:01:57
    [approved_at] => 2021-09-17T00:02:11
    [od_app_no] => A2942705961307071186
    [od_billkey] => S2942705995665036745
)
Array
(
    [msg] => approval failure!
    [code] => -780
    [extras] => Array
        (
            [method_result_code] => LACK_BALANCE
            [method_result_message] => 계좌 잔액 부족! 다른 계좌로 시도해 주세요.
        )

)
Array
(
    [aid] => A2942968074570482619
    [tid] => T2942967992965853452
    [cid] => CT09608347
    [sid] => S2942968091752167635
    [partner_order_id] => 21091716585116
    [partner_user_id] => 29
    [payment_method_type] => MONEY
    [item_name] => [정기결제]21000
    [quantity] => 1
    [amount] => Array
        (
            [total] => 21000
            [tax_free] => 0
            [vat] => 1909
            [point] => 0
            [discount] => 0
        )

    [created_at] => 2021-09-17T16:58:53
    [approved_at] => 2021-09-17T16:59:15
    [od_app_no] => A2942968074570482619
    [od_billkey] => S2942968091752167635
)
