Array
(
    [aid] => A2947148490796286758
    [tid] => T2947148434958294825
    [cid] => CT09608347
    [sid] => S2947148516565343838
    [partner_order_id] => 21092823210552
    [partner_user_id] => 422
    [payment_method_type] => CARD
    [item_name] => [정기결제]37000
    [quantity] => 1
    [amount] => Array
        (
            [total] => 37000
            [tax_free] => 0
            [vat] => 3364
            [point] => 0
            [discount] => 0
        )

    [card_info] => Array
        (
            [approved_id] => 71250959
            [bin] => 442660
            [card_mid] => 172436427
            [card_type] => 신용
            [install_month] => 00
            [issuer_corp] => 삼성카드
            [issuer_corp_code] => 06
            [purchase_corp] => 삼성카드
            [purchase_corp_code] => 06
            [interest_free_install] => N
            [kakaopay_purchase_corp] => 삼성카드
            [kakaopay_purchase_corp_code] => 705
            [kakaopay_issuer_corp] => 삼성카드
            [kakaopay_issuer_corp_code] => 105
        )

    [created_at] => 2021-09-28T23:21:07
    [approved_at] => 2021-09-28T23:21:26
    [od_app_no] => A2947148490796286758
    [od_billkey] => S2947148516565343838
)
