[2021/09/27 09:40:55] Request
[2021/09/27 09:40:55] 
                      [token] => 8ecfb889f3e8b22a60261524627eef76
                      [mb_id] => pan1775@nate.com
                      [pg_cancel] => 0
                      [chkall] => 1
                      [chk_cnt] => 1
                      [act_button] => 주문상태저장
                      [PayMethod] => KAKAOPAY
                      [CERTIFIED_FLAG] => CN
                      [AuthFlg] => 10
                      [currency] => KRW
                      [requestDealApproveUrl] => https://kmpay.lgcns.com:8443/merchant/requestDealApprove.dev
                      [TID] => T2945683090901403251
                      [Amt] => 37000
                      [CancelMsg] => 쇼핑몰 운영자 승인 취소
                      [PartialCancelCode] => 0
                      [actionType] => CL0
                      [CancelIP] => 115.91.79.59
[2021/09/27 09:40:55] Result
[2021/09/27 09:40:55] 
                      [PG] => CNSPay
                      [ResultCode] => V103
                      [ResultMsg] => 지불수단을 설정하지 않았습니다.
                      [CancelAmt] => null
                      [CancelDate] => null
                      [CancelTime] => null
                      [CancelNum] => null
                      [PayMethod] => null
                      [TID] => null
                      [ErrorCD] => V103
                      [ErrorMsg] => 지불수단을 설정하지 않았습니다.
                      [StateCD] => null
                      [PromotionCd] => null
                      [RecoverYn] => null
                      [DiscountAmt] => null
                      [PreCancelCode] => null
                      [VanCode] => null
                      [SmileCash] => null
                      [TlsVer] => TLSv1.2
                      [SmilePay] => null
[2021/09/27 09:44:26] Request
[2021/09/27 09:44:26] 
                      [token] => 517663c6895566dc9940c7a9be573620
                      [mb_id] => 521mg@naver.com
                      [pg_cancel] => 0
                      [chkall] => 1
                      [chk_cnt] => 1
                      [act_button] => 주문상태저장
                      [PayMethod] => KAKAOPAY
                      [CERTIFIED_FLAG] => CN
                      [AuthFlg] => 10
                      [currency] => KRW
                      [requestDealApproveUrl] => https://kmpay.lgcns.com:8443/merchant/requestDealApprove.dev
                      [TID] => T2945442194775266645
                      [Amt] => 37000
                      [CancelMsg] => 쇼핑몰 운영자 승인 취소
                      [PartialCancelCode] => 0
                      [actionType] => CL0
                      [CancelIP] => 115.91.79.59
[2021/09/27 09:44:26] Result
[2021/09/27 09:44:26] 
                      [PG] => CNSPay
                      [ResultCode] => V103
                      [ResultMsg] => 지불수단을 설정하지 않았습니다.
                      [CancelAmt] => null
                      [CancelDate] => null
                      [CancelTime] => null
                      [CancelNum] => null
                      [PayMethod] => null
                      [TID] => null
                      [ErrorCD] => V103
                      [ErrorMsg] => 지불수단을 설정하지 않았습니다.
                      [StateCD] => null
                      [PromotionCd] => null
                      [RecoverYn] => null
                      [DiscountAmt] => null
                      [PreCancelCode] => null
                      [VanCode] => null
                      [SmileCash] => null
                      [TlsVer] => TLSv1.2
                      [SmilePay] => null
[2021/09/27 09:44:32] Request
[2021/09/27 09:44:32] 
                      [token] => 5f6339b3e4e2b4d9f25cfeec855cd0fe
                      [mb_id] => chunsihyang@gmail.com
                      [pg_cancel] => 0
                      [chkall] => 1
                      [chk_cnt] => 1
                      [act_button] => 주문상태저장
                      [PayMethod] => KAKAOPAY
                      [CERTIFIED_FLAG] => CN
                      [AuthFlg] => 10
                      [currency] => KRW
                      [requestDealApproveUrl] => https://kmpay.lgcns.com:8443/merchant/requestDealApprove.dev
                      [TID] => T2945442194775533649
                      [Amt] => 37000
                      [CancelMsg] => 쇼핑몰 운영자 승인 취소
                      [PartialCancelCode] => 0
                      [actionType] => CL0
                      [CancelIP] => 115.91.79.59
[2021/09/27 09:44:32] Result
[2021/09/27 09:44:32] 
                      [PG] => CNSPay
                      [ResultCode] => V103
                      [ResultMsg] => 지불수단을 설정하지 않았습니다.
                      [CancelAmt] => null
                      [CancelDate] => null
                      [CancelTime] => null
                      [CancelNum] => null
                      [PayMethod] => null
                      [TID] => null
                      [ErrorCD] => V103
                      [ErrorMsg] => 지불수단을 설정하지 않았습니다.
                      [StateCD] => null
                      [PromotionCd] => null
                      [RecoverYn] => null
                      [DiscountAmt] => null
                      [PreCancelCode] => null
                      [VanCode] => null
                      [SmileCash] => null
                      [TlsVer] => TLSv1.2
                      [SmilePay] => null
[2021/09/27 09:44:38] Request
[2021/09/27 09:44:38] 
                      [token] => 6ccf934534a54c2ddbf43a0126e01886
                      [mb_id] => chunsihyang@gmail.com
                      [pg_cancel] => 0
                      [chkall] => 1
                      [chk_cnt] => 1
                      [act_button] => 주문상태저장
                      [PayMethod] => KAKAOPAY
                      [CERTIFIED_FLAG] => CN
                      [AuthFlg] => 10
                      [currency] => KRW
                      [requestDealApproveUrl] => https://kmpay.lgcns.com:8443/merchant/requestDealApprove.dev
                      [TID] => T2945442203368066337
                      [Amt] => 37000
                      [CancelMsg] => 쇼핑몰 운영자 승인 취소
                      [PartialCancelCode] => 0
                      [actionType] => CL0
                      [CancelIP] => 115.91.79.59
[2021/09/27 09:44:38] Result
[2021/09/27 09:44:38] 
                      [PG] => CNSPay
                      [ResultCode] => V103
                      [ResultMsg] => 지불수단을 설정하지 않았습니다.
                      [CancelAmt] => null
                      [CancelDate] => null
                      [CancelTime] => null
                      [CancelNum] => null
                      [PayMethod] => null
                      [TID] => null
                      [ErrorCD] => V103
                      [ErrorMsg] => 지불수단을 설정하지 않았습니다.
                      [StateCD] => null
                      [PromotionCd] => null
                      [RecoverYn] => null
                      [DiscountAmt] => null
                      [PreCancelCode] => null
                      [VanCode] => null
                      [SmileCash] => null
                      [TlsVer] => TLSv1.2
                      [SmilePay] => null
