[2021/10/12 16:02:11] Request
[2021/10/12 16:02:11] 
                      [token] => cb6050700a7a30fbd6f70a48c1dd4a1f
                      [mb_id] => admin
                      [pg_cancel] => 0
                      [chkall] => 1
                      [chk_cnt] => 1
                      [act_button] => 전체환불
                      [PayMethod] => KAKAOPAY
                      [CERTIFIED_FLAG] => CN
                      [AuthFlg] => 10
                      [currency] => KRW
                      [requestDealApproveUrl] => https://kmpay.lgcns.com:8443/merchant/requestDealApprove.dev
                      [TID] => T2952216195719661856
                      [Amt] => 12000
                      [CancelMsg] => 쇼핑몰 운영자 승인 취소
                      [PartialCancelCode] => 0
                      [actionType] => CL0
                      [CancelIP] => 115.91.79.59
[2021/10/12 16:02:11] Result
[2021/10/12 16:02:11] 
                      [PG] => CNSPay
                      [ResultCode] => V103
                      [ResultMsg] => 지불수단을 설정하지 않았습니다.
                      [CancelAmt] => null
                      [CancelDate] => null
                      [CancelTime] => null
                      [CancelNum] => null
                      [PayMethod] => null
                      [TID] => null
                      [ErrorCD] => V103
                      [ErrorMsg] => 지불수단을 설정하지 않았습니다.
                      [StateCD] => null
                      [PromotionCd] => null
                      [RecoverYn] => null
                      [DiscountAmt] => null
                      [PreCancelCode] => null
                      [VanCode] => null
                      [SmileCash] => null
                      [TlsVer] => TLSv1.2
                      [SmilePay] => null
[2021/10/12 17:47:56] Request
[2021/10/12 17:47:56] 
                      [token] => 81f0135d452a5b96ac934e5fc44d7ecf
                      [mb_id] => jysk51@naver.com
                      [pg_cancel] => 0
                      [chk_cnt] => 1
                      [act_button] => 전체환불
                      [PayMethod] => KAKAOPAY
                      [CERTIFIED_FLAG] => CN
                      [AuthFlg] => 10
                      [currency] => KRW
                      [requestDealApproveUrl] => https://kmpay.lgcns.com:8443/merchant/requestDealApprove.dev
                      [TID] => T2952257534779909199
                      [Amt] => 17000
                      [CancelMsg] => 쇼핑몰 운영자 승인 취소
                      [PartialCancelCode] => 0
                      [actionType] => CL0
                      [CancelIP] => 115.91.79.59
[2021/10/12 17:47:57] Result
[2021/10/12 17:47:57] 
                      [PG] => CNSPay
                      [ResultCode] => V103
                      [ResultMsg] => 지불수단을 설정하지 않았습니다.
                      [CancelAmt] => null
                      [CancelDate] => null
                      [CancelTime] => null
                      [CancelNum] => null
                      [PayMethod] => null
                      [TID] => null
                      [ErrorCD] => V103
                      [ErrorMsg] => 지불수단을 설정하지 않았습니다.
                      [StateCD] => null
                      [PromotionCd] => null
                      [RecoverYn] => null
                      [DiscountAmt] => null
                      [PreCancelCode] => null
                      [VanCode] => null
                      [SmileCash] => null
                      [TlsVer] => TLSv1.2
                      [SmilePay] => null
