[2021/09/23 10:41:52] Request
[2021/09/23 10:41:52] 
                      [token] => e523870d99e70d7aa0b186f42f7990c0
                      [mb_id] => testad@naver.com
                      [pg_cancel] => 0
                      [chkall] => 1
                      [chk_cnt] => 1
                      [act_button] => 주문상태저장
                      [PayMethod] => KAKAOPAY
                      [CERTIFIED_FLAG] => CN
                      [AuthFlg] => 10
                      [currency] => KRW
                      [requestDealApproveUrl] => https://kmpay.lgcns.com:8443/merchant/requestDealApprove.dev
                      [TID] => T2945085179914235242
                      [Amt] => 12000
                      [CancelMsg] => 쇼핑몰 운영자 승인 취소
                      [PartialCancelCode] => 0
                      [actionType] => CL0
                      [CancelIP] => 115.91.79.59
[2021/09/23 10:41:52] Result
[2021/09/23 10:41:52] 
                      [PG] => CNSPay
                      [ResultCode] => V103
                      [ResultMsg] => 지불수단을 설정하지 않았습니다.
                      [CancelAmt] => null
                      [CancelDate] => null
                      [CancelTime] => null
                      [CancelNum] => null
                      [PayMethod] => null
                      [TID] => null
                      [ErrorCD] => V103
                      [ErrorMsg] => 지불수단을 설정하지 않았습니다.
                      [StateCD] => null
                      [PromotionCd] => null
                      [RecoverYn] => null
                      [DiscountAmt] => null
                      [PreCancelCode] => null
                      [VanCode] => null
                      [SmileCash] => null
                      [TlsVer] => TLSv1.2
                      [SmilePay] => null
