[2021/10/14 15:08:33] Request
[2021/10/14 15:08:33] 
                      [token] => 3bc6920296554a55ce61e76b7536bb70
                      [mb_id] => testjh@naver.com
                      [pg_cancel] => 0
                      [chkall] => 1
                      [chk_cnt] => 1
                      [act_button] => 주문상태저장
                      [PayMethod] => KAKAOPAY
                      [CERTIFIED_FLAG] => CN
                      [AuthFlg] => 10
                      [currency] => KRW
                      [requestDealApproveUrl] => https://kmpay.lgcns.com:8443/merchant/requestDealApprove.dev
                      [TID] => T2952958503507638532
                      [Amt] => 36000
                      [CancelMsg] => 쇼핑몰 운영자 승인 취소
                      [PartialCancelCode] => 0
                      [actionType] => CL0
                      [CancelIP] => 115.91.79.59
[2021/10/14 15:08:33] Result
[2021/10/14 15:08:33] 
                      [PG] => CNSPay
                      [ResultCode] => V103
                      [ResultMsg] => 지불수단을 설정하지 않았습니다.
                      [CancelAmt] => null
                      [CancelDate] => null
                      [CancelTime] => null
                      [CancelNum] => null
                      [PayMethod] => null
                      [TID] => null
                      [ErrorCD] => V103
                      [ErrorMsg] => 지불수단을 설정하지 않았습니다.
                      [StateCD] => null
                      [PromotionCd] => null
                      [RecoverYn] => null
                      [DiscountAmt] => null
                      [PreCancelCode] => null
                      [VanCode] => null
                      [SmileCash] => null
                      [TlsVer] => TLSv1.2
                      [SmilePay] => null
[2021/10/14 15:18:16] Request
[2021/10/14 15:18:16] 
                      [token] => 424f4073bb0c0b406bb9ce5bd57a6e76
                      [mb_id] => jysk51@naver.com
                      [pg_cancel] => 0
                      [chkall] => 1
                      [chk_cnt] => 1
                      [act_button] => 주문상태저장
                      [PayMethod] => KAKAOPAY
                      [CERTIFIED_FLAG] => CN
                      [AuthFlg] => 10
                      [currency] => KRW
                      [requestDealApproveUrl] => https://kmpay.lgcns.com:8443/merchant/requestDealApprove.dev
                      [TID] => T2952249632042905858
                      [Amt] => 36000
                      [CancelMsg] => 쇼핑몰 운영자 승인 취소
                      [PartialCancelCode] => 0
                      [actionType] => CL0
                      [CancelIP] => 115.91.79.59
[2021/10/14 15:18:16] Result
[2021/10/14 15:18:16] 
                      [PG] => CNSPay
                      [ResultCode] => V103
                      [ResultMsg] => 지불수단을 설정하지 않았습니다.
                      [CancelAmt] => null
                      [CancelDate] => null
                      [CancelTime] => null
                      [CancelNum] => null
                      [PayMethod] => null
                      [TID] => null
                      [ErrorCD] => V103
                      [ErrorMsg] => 지불수단을 설정하지 않았습니다.
                      [StateCD] => null
                      [PromotionCd] => null
                      [RecoverYn] => null
                      [DiscountAmt] => null
                      [PreCancelCode] => null
                      [VanCode] => null
                      [SmileCash] => null
                      [TlsVer] => TLSv1.2
                      [SmilePay] => null
