INFO	[2021-09-13 15:50:42:50] <103845> START INIPHP cancel (V5036-141209)(OS:Linux2.6.32-754.35.1.el6.x86_64,PHP:5.6.40)
DEBUG	[2021-09-13 15:50:42:50] <103845> inipayhome:/www_root/shop/inicis
DEBUG	[2021-09-13 15:50:42:50] <103845> debug:true
DEBUG	[2021-09-13 15:50:42:50] <103845> type:cancel
DEBUG	[2021-09-13 15:50:42:50] <103845> mid:gugushop01
DEBUG	[2021-09-13 15:50:42:50] <103845> admin:sbj0
DEBUG	[2021-09-13 15:50:42:50] <103845> tid:INIAPICARDgugushop0120210910163702422187
DEBUG	[2021-09-13 15:50:42:50] <103845> cancelmsg:ºÓ«Œ∏Ù øÓøµ¿⁄ Ω¬¿Œ √Îº“
INFO	[2021-09-13 15:50:42:50] <103845> Check Field OK
INFO	[2021-09-13 15:50:42:50] <103845> PI PUB KEY LOAD OK []
INFO	[2021-09-13 15:50:42:68] <103845> PG PUB KEY LOAD OK [30]
ERROR	[2021-09-13 15:50:42:69] <103845> ÏÉÅÏ†êÍ∞úÏù∏ÌÇ§ Î°úÎìúÏò§Î•ò
INFO	[2021-09-13 15:50:42:76] <103845> END cancel [TX9109|ÏÉÅÏ†êÍ∞úÏù∏ÌÇ§ Î°úÎìúÏò§Î•ò] Laptime:[0.026sec]
INFO	[2021-09-13 15:50:42:76] <103845> ===============================================================
INFO	[2021-09-13 15:50:50:627] <103845> START INIPHP cancel (V5036-141209)(OS:Linux2.6.32-754.35.1.el6.x86_64,PHP:5.6.40)
DEBUG	[2021-09-13 15:50:50:627] <103845> inipayhome:/www_root/shop/inicis
DEBUG	[2021-09-13 15:50:50:627] <103845> debug:true
DEBUG	[2021-09-13 15:50:50:627] <103845> type:cancel
DEBUG	[2021-09-13 15:50:50:627] <103845> mid:gugushop01
DEBUG	[2021-09-13 15:50:50:627] <103845> admin:sbj0
DEBUG	[2021-09-13 15:50:50:627] <103845> tid:INIAPICARDgugushop0120210910163703481115
DEBUG	[2021-09-13 15:50:50:627] <103845> cancelmsg:ºÓ«Œ∏Ù øÓøµ¿⁄ Ω¬¿Œ √Îº“
INFO	[2021-09-13 15:50:50:627] <103845> Check Field OK
INFO	[2021-09-13 15:50:50:627] <103845> PI PUB KEY LOAD OK []
INFO	[2021-09-13 15:50:50:627] <103845> PG PUB KEY LOAD OK [30]
ERROR	[2021-09-13 15:50:50:627] <103845> ÏÉÅÏ†êÍ∞úÏù∏ÌÇ§ Î°úÎìúÏò§Î•ò
INFO	[2021-09-13 15:50:50:633] <103845> END cancel [TX9109|ÏÉÅÏ†êÍ∞úÏù∏ÌÇ§ Î°úÎìúÏò§Î•ò] Laptime:[0.006sec]
INFO	[2021-09-13 15:50:50:633] <103845> ===============================================================
INFO	[2021-09-13 15:50:57:59] <103845> START INIPHP cancel (V5036-141209)(OS:Linux2.6.32-754.35.1.el6.x86_64,PHP:5.6.40)
DEBUG	[2021-09-13 15:50:57:59] <103845> inipayhome:/www_root/shop/inicis
DEBUG	[2021-09-13 15:50:57:59] <103845> debug:true
DEBUG	[2021-09-13 15:50:57:59] <103845> type:cancel
DEBUG	[2021-09-13 15:50:57:59] <103845> mid:gugushop01
DEBUG	[2021-09-13 15:50:57:59] <103845> admin:sbj0
DEBUG	[2021-09-13 15:50:57:59] <103845> tid:INIAPICARDgugushop0120210910163703563170
DEBUG	[2021-09-13 15:50:57:59] <103845> cancelmsg:ºÓ«Œ∏Ù øÓøµ¿⁄ Ω¬¿Œ √Îº“
INFO	[2021-09-13 15:50:57:59] <103845> Check Field OK
INFO	[2021-09-13 15:50:57:59] <103845> PI PUB KEY LOAD OK []
INFO	[2021-09-13 15:50:57:60] <103845> PG PUB KEY LOAD OK [30]
ERROR	[2021-09-13 15:50:57:60] <103845> ÏÉÅÏ†êÍ∞úÏù∏ÌÇ§ Î°úÎìúÏò§Î•ò
INFO	[2021-09-13 15:50:57:65] <103845> END cancel [TX9109|ÏÉÅÏ†êÍ∞úÏù∏ÌÇ§ Î°úÎìúÏò§Î•ò] Laptime:[0.006sec]
INFO	[2021-09-13 15:50:57:65] <103845> ===============================================================
INFO	[2021-09-13 15:51:02:742] <103845> START INIPHP cancel (V5036-141209)(OS:Linux2.6.32-754.35.1.el6.x86_64,PHP:5.6.40)
DEBUG	[2021-09-13 15:51:02:742] <103845> inipayhome:/www_root/shop/inicis
DEBUG	[2021-09-13 15:51:02:742] <103845> debug:true
DEBUG	[2021-09-13 15:51:02:742] <103845> type:cancel
DEBUG	[2021-09-13 15:51:02:742] <103845> mid:gugushop01
DEBUG	[2021-09-13 15:51:02:742] <103845> admin:sbj0
DEBUG	[2021-09-13 15:51:02:742] <103845> tid:INIAPICARDgugushop0120210910163704251116
DEBUG	[2021-09-13 15:51:02:742] <103845> cancelmsg:ºÓ«Œ∏Ù øÓøµ¿⁄ Ω¬¿Œ √Îº“
INFO	[2021-09-13 15:51:02:742] <103845> Check Field OK
INFO	[2021-09-13 15:51:02:742] <103845> PI PUB KEY LOAD OK []
INFO	[2021-09-13 15:51:02:743] <103845> PG PUB KEY LOAD OK [30]
ERROR	[2021-09-13 15:51:02:743] <103845> ÏÉÅÏ†êÍ∞úÏù∏ÌÇ§ Î°úÎìúÏò§Î•ò
INFO	[2021-09-13 15:51:02:747] <103845> END cancel [TX9109|ÏÉÅÏ†êÍ∞úÏù∏ÌÇ§ Î°úÎìúÏò§Î•ò] Laptime:[0.005sec]
INFO	[2021-09-13 15:51:02:747] <103845> ===============================================================
