INFO	[2021-06-15 14:35:36:70] <49172> START INIPHP cancel (V5036-141209)(OS:Linux2.6.32-754.35.1.el6.x86_64,PHP:5.6.40)
DEBUG	[2021-06-15 14:35:36:70] <49172> inipayhome:/www_root/shop/inicis
DEBUG	[2021-06-15 14:35:36:70] <49172> debug:true
DEBUG	[2021-06-15 14:35:36:70] <49172> type:cancel
DEBUG	[2021-06-15 14:35:36:70] <49172> mid:gugushop01
DEBUG	[2021-06-15 14:35:36:70] <49172> admin:sbj0
DEBUG	[2021-06-15 14:35:36:70] <49172> tid:INIAPICARDINIBillTst20210609112604401649
DEBUG	[2021-06-15 14:35:36:70] <49172> cancelmsg:ΑΦΉ®ΐΪ Ί»ΐΞ ΓλΌ-
INFO	[2021-06-15 14:35:36:70] <49172> Check Field OK
INFO	[2021-06-15 14:35:36:70] <49172> PI PUB KEY LOAD OK []
INFO	[2021-06-15 14:35:36:101] <49172> PG PUB KEY LOAD OK [30]
ERROR	[2021-06-15 14:35:36:102] <49172> μƒμ κ°μΈν‚¤ λ΅λ“μ¤λ¥
INFO	[2021-06-15 14:35:36:106] <49172> END cancel [TX9109|μƒμ κ°μΈν‚¤ λ΅λ“μ¤λ¥] Laptime:[0.035sec]
INFO	[2021-06-15 14:35:36:106] <49172> ===============================================================
INFO	[2021-06-15 14:35:38:661] <21246> START INIPHP cancel (V5036-141209)(OS:Linux2.6.32-754.35.1.el6.x86_64,PHP:5.6.40)
DEBUG	[2021-06-15 14:35:38:661] <21246> inipayhome:/www_root/shop/inicis
DEBUG	[2021-06-15 14:35:38:661] <21246> debug:true
DEBUG	[2021-06-15 14:35:38:661] <21246> type:cancel
DEBUG	[2021-06-15 14:35:38:661] <21246> mid:gugushop01
DEBUG	[2021-06-15 14:35:38:661] <21246> admin:sbj0
DEBUG	[2021-06-15 14:35:38:661] <21246> tid:INIAPICARDgugushop0120210615142642524967
DEBUG	[2021-06-15 14:35:38:661] <21246> cancelmsg:ΑΦΉ®ΐΪ Ί»ΐΞ ΓλΌ-
INFO	[2021-06-15 14:35:38:661] <21246> Check Field OK
INFO	[2021-06-15 14:35:38:661] <21246> PI PUB KEY LOAD OK []
INFO	[2021-06-15 14:35:38:662] <21246> PG PUB KEY LOAD OK [30]
ERROR	[2021-06-15 14:35:38:662] <21246> μƒμ κ°μΈν‚¤ λ΅λ“μ¤λ¥
INFO	[2021-06-15 14:35:38:668] <21246> END cancel [TX9109|μƒμ κ°μΈν‚¤ λ΅λ“μ¤λ¥] Laptime:[0.007sec]
INFO	[2021-06-15 14:35:38:668] <21246> ===============================================================
