INFO	[2021-06-17 13:22:21:687] <143343> START INIPHP repay (V5036-141209)(OS:Linux2.6.32-754.35.1.el6.x86_64,PHP:5.6.40)
DEBUG	[2021-06-17 13:22:21:687] <143343> inipayhome:/www_root/shop/inicis
DEBUG	[2021-06-17 13:22:21:687] <143343> debug:true
DEBUG	[2021-06-17 13:22:21:687] <143343> type:repay
DEBUG	[2021-06-17 13:22:21:687] <143343> pgid:INIphpRPAY
DEBUG	[2021-06-17 13:22:21:687] <143343> subpgip:203.238.3.10
DEBUG	[2021-06-17 13:22:21:687] <143343> mid:gugushop01
DEBUG	[2021-06-17 13:22:21:687] <143343> admin:sbj0
DEBUG	[2021-06-17 13:22:21:687] <143343> oldtid:INIAPICARDgugushop0120210617132001860593
DEBUG	[2021-06-17 13:22:21:687] <143343> currency:WON
DEBUG	[2021-06-17 13:22:21:687] <143343> price:12000
DEBUG	[2021-06-17 13:22:21:687] <143343> confirm_price:0
DEBUG	[2021-06-17 13:22:21:687] <143343> buyeremail:mlwoong@naver.com
DEBUG	[2021-06-17 13:22:21:687] <143343> tax:1091
DEBUG	[2021-06-17 13:22:21:687] <143343> taxfree:0
INFO	[2021-06-17 13:22:21:687] <143343> Check Field OK
INFO	[2021-06-17 13:22:21:687] <143343> Make TID OK INIphpRPAYgugushop0120210617132221872374
INFO	[2021-06-17 13:22:21:687] <143343> PI PUB KEY LOAD OK []
INFO	[2021-06-17 13:22:21:687] <143343> PG PUB KEY LOAD OK [30]
ERROR	[2021-06-17 13:22:21:687] <143343> 상점개인키 로드오류
INFO	[2021-06-17 13:22:21:692] <143343> END repay [TX9109|상점개인키 로드오류] Laptime:[0.005sec]
INFO	[2021-06-17 13:22:21:692] <143343> ===============================================================
INFO	[2021-06-17 13:22:31:276] <143343> START INIPHP repay (V5036-141209)(OS:Linux2.6.32-754.35.1.el6.x86_64,PHP:5.6.40)
DEBUG	[2021-06-17 13:22:31:276] <143343> inipayhome:/www_root/shop/inicis
DEBUG	[2021-06-17 13:22:31:276] <143343> debug:true
DEBUG	[2021-06-17 13:22:31:276] <143343> type:repay
DEBUG	[2021-06-17 13:22:31:276] <143343> pgid:INIphpRPAY
DEBUG	[2021-06-17 13:22:31:276] <143343> subpgip:203.238.3.10
DEBUG	[2021-06-17 13:22:31:276] <143343> mid:gugushop01
DEBUG	[2021-06-17 13:22:31:276] <143343> admin:sbj0
DEBUG	[2021-06-17 13:22:31:276] <143343> oldtid:INIAPICARDgugushop0120210617132001860593
DEBUG	[2021-06-17 13:22:31:276] <143343> currency:WON
DEBUG	[2021-06-17 13:22:31:276] <143343> price:12000
DEBUG	[2021-06-17 13:22:31:276] <143343> confirm_price:0
DEBUG	[2021-06-17 13:22:31:276] <143343> buyeremail:mlwoong@naver.com
DEBUG	[2021-06-17 13:22:31:276] <143343> tax:0
DEBUG	[2021-06-17 13:22:31:276] <143343> taxfree:12000
INFO	[2021-06-17 13:22:31:276] <143343> Check Field OK
INFO	[2021-06-17 13:22:31:276] <143343> Make TID OK INIphpRPAYgugushop0120210617132231761236
INFO	[2021-06-17 13:22:31:276] <143343> PI PUB KEY LOAD OK []
INFO	[2021-06-17 13:22:31:276] <143343> PG PUB KEY LOAD OK [30]
ERROR	[2021-06-17 13:22:31:277] <143343> 상점개인키 로드오류
INFO	[2021-06-17 13:22:31:281] <143343> END repay [TX9109|상점개인키 로드오류] Laptime:[0.005sec]
INFO	[2021-06-17 13:22:31:281] <143343> ===============================================================
