INFO	[2021-07-20 10:21:27:855] <141823> START INIPHP cancel (V5036-141209)(OS:Linux2.6.32-754.35.1.el6.x86_64,PHP:5.6.40)
DEBUG	[2021-07-20 10:21:27:855] <141823> inipayhome:/www_root/shop/inicis
DEBUG	[2021-07-20 10:21:27:855] <141823> debug:true
DEBUG	[2021-07-20 10:21:27:855] <141823> type:cancel
DEBUG	[2021-07-20 10:21:27:855] <141823> mid:gugushop01
DEBUG	[2021-07-20 10:21:27:855] <141823> admin:sbj0
DEBUG	[2021-07-20 10:21:27:855] <141823> tid:INIAPICARDgugushop0120210714231046671197
DEBUG	[2021-07-20 10:21:27:855] <141823> cancelmsg:ºÓ«Œ∏Ù øÓøµ¿⁄ Ω¬¿Œ √Îº“
INFO	[2021-07-20 10:21:27:855] <141823> Check Field OK
INFO	[2021-07-20 10:21:27:855] <141823> PI PUB KEY LOAD OK []
INFO	[2021-07-20 10:21:27:874] <141823> PG PUB KEY LOAD OK [30]
ERROR	[2021-07-20 10:21:27:874] <141823> ÏÉÅÏ†êÍ∞úÏù∏ÌÇ§ Î°úÎìúÏò§Î•ò
INFO	[2021-07-20 10:21:27:879] <141823> END cancel [TX9109|ÏÉÅÏ†êÍ∞úÏù∏ÌÇ§ Î°úÎìúÏò§Î•ò] Laptime:[0.025sec]
INFO	[2021-07-20 10:21:27:879] <141823> ===============================================================
INFO	[2021-07-20 10:21:58:438] <142153> START INIPHP cancel (V5036-141209)(OS:Linux2.6.32-754.35.1.el6.x86_64,PHP:5.6.40)
DEBUG	[2021-07-20 10:21:58:438] <142153> inipayhome:/www_root/shop/inicis
DEBUG	[2021-07-20 10:21:58:438] <142153> debug:true
DEBUG	[2021-07-20 10:21:58:438] <142153> type:cancel
DEBUG	[2021-07-20 10:21:58:438] <142153> mid:gugushop01
DEBUG	[2021-07-20 10:21:58:438] <142153> admin:sbj0
DEBUG	[2021-07-20 10:21:58:438] <142153> tid:INIAPICARDgugushop0120210716175726232114
DEBUG	[2021-07-20 10:21:58:438] <142153> cancelmsg:ºÓ«Œ∏Ù øÓøµ¿⁄ Ω¬¿Œ √Îº“
INFO	[2021-07-20 10:21:58:438] <142153> Check Field OK
INFO	[2021-07-20 10:21:58:438] <142153> PI PUB KEY LOAD OK []
INFO	[2021-07-20 10:21:58:439] <142153> PG PUB KEY LOAD OK [30]
ERROR	[2021-07-20 10:21:58:439] <142153> ÏÉÅÏ†êÍ∞úÏù∏ÌÇ§ Î°úÎìúÏò§Î•ò
INFO	[2021-07-20 10:21:58:446] <142153> END cancel [TX9109|ÏÉÅÏ†êÍ∞úÏù∏ÌÇ§ Î°úÎìúÏò§Î•ò] Laptime:[0.008sec]
INFO	[2021-07-20 10:21:58:446] <142153> ===============================================================
INFO	[2021-07-20 14:03:16:87] <4393> START INIPHP cancel (V5036-141209)(OS:Linux2.6.32-754.35.1.el6.x86_64,PHP:5.6.40)
DEBUG	[2021-07-20 14:03:16:87] <4393> inipayhome:/www_root/shop/inicis
DEBUG	[2021-07-20 14:03:16:87] <4393> debug:true
DEBUG	[2021-07-20 14:03:16:87] <4393> type:cancel
DEBUG	[2021-07-20 14:03:16:87] <4393> mid:gugushop01
DEBUG	[2021-07-20 14:03:16:87] <4393> admin:sbj0
DEBUG	[2021-07-20 14:03:16:87] <4393> tid:INIAPICARDgugushop0120210720133630783149
DEBUG	[2021-07-20 14:03:16:87] <4393> cancelmsg:ºÓ«Œ∏Ù øÓøµ¿⁄ Ω¬¿Œ √Îº“
INFO	[2021-07-20 14:03:16:87] <4393> Check Field OK
INFO	[2021-07-20 14:03:16:87] <4393> PI PUB KEY LOAD OK []
INFO	[2021-07-20 14:03:16:88] <4393> PG PUB KEY LOAD OK [30]
ERROR	[2021-07-20 14:03:16:88] <4393> ÏÉÅÏ†êÍ∞úÏù∏ÌÇ§ Î°úÎìúÏò§Î•ò
INFO	[2021-07-20 14:03:16:91] <4393> END cancel [TX9109|ÏÉÅÏ†êÍ∞úÏù∏ÌÇ§ Î°úÎìúÏò§Î•ò] Laptime:[0.005sec]
INFO	[2021-07-20 14:03:16:92] <4393> ===============================================================
