INFO	[2021-08-03 17:09:59:761] <42702> START INIPHP cancel (V5036-141209)(OS:Linux2.6.32-754.35.1.el6.x86_64,PHP:5.6.40)
DEBUG	[2021-08-03 17:09:59:761] <42702> inipayhome:/www_root/shop/inicis
DEBUG	[2021-08-03 17:09:59:761] <42702> debug:true
DEBUG	[2021-08-03 17:09:59:761] <42702> type:cancel
DEBUG	[2021-08-03 17:09:59:761] <42702> mid:gugushop01
DEBUG	[2021-08-03 17:09:59:761] <42702> admin:sbj0
DEBUG	[2021-08-03 17:09:59:761] <42702> tid:INIAPICARDgugushop0120210803170741823130
DEBUG	[2021-08-03 17:09:59:761] <42702> cancelmsg:ºÓ«Œ∏Ù øÓøµ¿⁄ Ω¬¿Œ √Îº“
INFO	[2021-08-03 17:09:59:761] <42702> Check Field OK
INFO	[2021-08-03 17:09:59:761] <42702> PI PUB KEY LOAD OK []
INFO	[2021-08-03 17:09:59:779] <42702> PG PUB KEY LOAD OK [30]
ERROR	[2021-08-03 17:09:59:780] <42702> ÏÉÅÏ†êÍ∞úÏù∏ÌÇ§ Î°úÎìúÏò§Î•ò
INFO	[2021-08-03 17:09:59:785] <42702> END cancel [TX9109|ÏÉÅÏ†êÍ∞úÏù∏ÌÇ§ Î°úÎìúÏò§Î•ò] Laptime:[0.024sec]
INFO	[2021-08-03 17:09:59:785] <42702> ===============================================================
INFO	[2021-08-03 17:13:13:960] <27837> START INIPHP cancel (V5036-141209)(OS:Linux2.6.32-754.35.1.el6.x86_64,PHP:5.6.40)
DEBUG	[2021-08-03 17:13:13:960] <27837> inipayhome:/www_root/shop/inicis
DEBUG	[2021-08-03 17:13:13:960] <27837> debug:true
DEBUG	[2021-08-03 17:13:13:960] <27837> type:cancel
DEBUG	[2021-08-03 17:13:13:960] <27837> mid:gugushop01
DEBUG	[2021-08-03 17:13:13:960] <27837> admin:sbj0
DEBUG	[2021-08-03 17:13:13:960] <27837> tid:INIAPICARDgugushop0120210803171249602167
DEBUG	[2021-08-03 17:13:13:960] <27837> cancelmsg:ºÓ«Œ∏Ù øÓøµ¿⁄ Ω¬¿Œ √Îº“
INFO	[2021-08-03 17:13:13:960] <27837> Check Field OK
INFO	[2021-08-03 17:13:13:960] <27837> PI PUB KEY LOAD OK []
INFO	[2021-08-03 17:13:13:960] <27837> PG PUB KEY LOAD OK [30]
ERROR	[2021-08-03 17:13:13:960] <27837> ÏÉÅÏ†êÍ∞úÏù∏ÌÇ§ Î°úÎìúÏò§Î•ò
INFO	[2021-08-03 17:13:13:970] <27837> END cancel [TX9109|ÏÉÅÏ†êÍ∞úÏù∏ÌÇ§ Î°úÎìúÏò§Î•ò] Laptime:[0.01sec]
INFO	[2021-08-03 17:13:13:970] <27837> ===============================================================
