INFO	[2021-10-20 09:33:03:508] <137595> START INIPHP cancel (V5036-141209)(OS:Linux2.6.32-754.35.1.el6.x86_64,PHP:5.6.40)
DEBUG	[2021-10-20 09:33:03:508] <137595> inipayhome:/www_root/shop/inicis
DEBUG	[2021-10-20 09:33:03:508] <137595> debug:true
DEBUG	[2021-10-20 09:33:03:508] <137595> type:cancel
DEBUG	[2021-10-20 09:33:03:508] <137595> mid:gugushop01
DEBUG	[2021-10-20 09:33:03:508] <137595> admin:sbj0
DEBUG	[2021-10-20 09:33:03:508] <137595> tid:INIAPICARDgugushop0120211020090002821109
DEBUG	[2021-10-20 09:33:03:508] <137595> cancelmsg:ºÓ«Œ∏Ù øÓøµ¿⁄ Ω¬¿Œ √Îº“
INFO	[2021-10-20 09:33:03:508] <137595> Check Field OK
INFO	[2021-10-20 09:33:03:508] <137595> PI PUB KEY LOAD OK []
INFO	[2021-10-20 09:33:03:522] <137595> PG PUB KEY LOAD OK [30]
ERROR	[2021-10-20 09:33:03:523] <137595> ÏÉÅÏ†êÍ∞úÏù∏ÌÇ§ Î°úÎìúÏò§Î•ò
INFO	[2021-10-20 09:33:03:562] <137595> END cancel [TX9109|ÏÉÅÏ†êÍ∞úÏù∏ÌÇ§ Î°úÎìúÏò§Î•ò] Laptime:[0.055sec]
INFO	[2021-10-20 09:33:03:562] <137595> ===============================================================
INFO	[2021-10-20 09:43:40:259] <35497> START INIPHP cancel (V5036-141209)(OS:Linux2.6.32-754.35.1.el6.x86_64,PHP:5.6.40)
DEBUG	[2021-10-20 09:43:40:259] <35497> inipayhome:/www_root/shop/inicis
DEBUG	[2021-10-20 09:43:40:259] <35497> debug:true
DEBUG	[2021-10-20 09:43:40:259] <35497> type:cancel
DEBUG	[2021-10-20 09:43:40:259] <35497> mid:gugushop01
DEBUG	[2021-10-20 09:43:40:259] <35497> admin:sbj0
DEBUG	[2021-10-20 09:43:40:259] <35497> tid:INIAPICARDgugushop0120211020090001021108
DEBUG	[2021-10-20 09:43:40:259] <35497> cancelmsg:ºÓ«Œ∏Ù øÓøµ¿⁄ Ω¬¿Œ √Îº“
INFO	[2021-10-20 09:43:40:259] <35497> Check Field OK
INFO	[2021-10-20 09:43:40:259] <35497> PI PUB KEY LOAD OK []
INFO	[2021-10-20 09:43:40:260] <35497> PG PUB KEY LOAD OK [30]
ERROR	[2021-10-20 09:43:40:260] <35497> ÏÉÅÏ†êÍ∞úÏù∏ÌÇ§ Î°úÎìúÏò§Î•ò
INFO	[2021-10-20 09:43:40:264] <35497> END cancel [TX9109|ÏÉÅÏ†êÍ∞úÏù∏ÌÇ§ Î°úÎìúÏò§Î•ò] Laptime:[0.005sec]
INFO	[2021-10-20 09:43:40:264] <35497> ===============================================================
