INFO	[2021-06-21 10:44:41:890] <122987> START INIPHP cancel (V5036-141209)(OS:Linux2.6.32-754.35.1.el6.x86_64,PHP:5.6.40)
DEBUG	[2021-06-21 10:44:41:890] <122987> inipayhome:/www_root/shop/inicis
DEBUG	[2021-06-21 10:44:41:890] <122987> debug:true
DEBUG	[2021-06-21 10:44:41:890] <122987> type:cancel
DEBUG	[2021-06-21 10:44:41:890] <122987> mid:gugushop01
DEBUG	[2021-06-21 10:44:41:890] <122987> admin:sbj0
DEBUG	[2021-06-21 10:44:41:890] <122987> tid:INIAPICARDgugushop0120210621104237256068
DEBUG	[2021-06-21 10:44:41:890] <122987> cancelmsg:¡÷πÆ¿⁄ ∫ª¿Œ √Îº“-
INFO	[2021-06-21 10:44:41:890] <122987> Check Field OK
INFO	[2021-06-21 10:44:41:890] <122987> PI PUB KEY LOAD OK []
INFO	[2021-06-21 10:44:41:914] <122987> PG PUB KEY LOAD OK [30]
ERROR	[2021-06-21 10:44:41:914] <122987> ÏÉÅÏ†êÍ∞úÏù∏ÌÇ§ Î°úÎìúÏò§Î•ò
INFO	[2021-06-21 10:44:41:920] <122987> END cancel [TX9109|ÏÉÅÏ†êÍ∞úÏù∏ÌÇ§ Î°úÎìúÏò§Î•ò] Laptime:[0.03sec]
INFO	[2021-06-21 10:44:41:920] <122987> ===============================================================
INFO	[2021-06-21 13:17:28:111] <117577> START INIPHP cancel (V5036-141209)(OS:Linux2.6.32-754.35.1.el6.x86_64,PHP:5.6.40)
DEBUG	[2021-06-21 13:17:28:111] <117577> inipayhome:/www_root/shop/inicis
DEBUG	[2021-06-21 13:17:28:111] <117577> debug:true
DEBUG	[2021-06-21 13:17:28:111] <117577> type:cancel
DEBUG	[2021-06-21 13:17:28:111] <117577> mid:gugushop01
DEBUG	[2021-06-21 13:17:28:111] <117577> admin:sbj0
DEBUG	[2021-06-21 13:17:28:111] <117577> tid:INIAPICARDgugushop0120210621131535588856
DEBUG	[2021-06-21 13:17:28:111] <117577> cancelmsg:ºÓ«Œ∏Ù øÓøµ¿⁄ Ω¬¿Œ √Îº“
INFO	[2021-06-21 13:17:28:111] <117577> Check Field OK
INFO	[2021-06-21 13:17:28:111] <117577> PI PUB KEY LOAD OK []
INFO	[2021-06-21 13:17:28:117] <117577> PG PUB KEY LOAD OK [30]
ERROR	[2021-06-21 13:17:28:118] <117577> ÏÉÅÏ†êÍ∞úÏù∏ÌÇ§ Î°úÎìúÏò§Î•ò
INFO	[2021-06-21 13:17:28:123] <117577> END cancel [TX9109|ÏÉÅÏ†êÍ∞úÏù∏ÌÇ§ Î°úÎìúÏò§Î•ò] Laptime:[0.012sec]
INFO	[2021-06-21 13:17:28:123] <117577> ===============================================================
