INFO	[2021-06-21 13:17:43:113] <144457> START INIPHP repay (V5036-141209)(OS:Linux2.6.32-754.35.1.el6.x86_64,PHP:5.6.40)
DEBUG	[2021-06-21 13:17:43:113] <144457> inipayhome:/www_root/shop/inicis
DEBUG	[2021-06-21 13:17:43:113] <144457> debug:true
DEBUG	[2021-06-21 13:17:43:113] <144457> type:repay
DEBUG	[2021-06-21 13:17:43:113] <144457> pgid:INIphpRPAY
DEBUG	[2021-06-21 13:17:43:113] <144457> subpgip:203.238.3.10
DEBUG	[2021-06-21 13:17:43:113] <144457> mid:gugushop01
DEBUG	[2021-06-21 13:17:43:113] <144457> admin:sbj0
DEBUG	[2021-06-21 13:17:43:113] <144457> oldtid:INIAPICARDgugushop0120210621131535588856
DEBUG	[2021-06-21 13:17:43:113] <144457> currency:WON
DEBUG	[2021-06-21 13:17:43:113] <144457> price:12000
DEBUG	[2021-06-21 13:17:43:113] <144457> confirm_price:0
DEBUG	[2021-06-21 13:17:43:113] <144457> buyeremail:ghk7706@naver.com
DEBUG	[2021-06-21 13:17:43:113] <144457> tax:1091
DEBUG	[2021-06-21 13:17:43:113] <144457> taxfree:0
INFO	[2021-06-21 13:17:43:113] <144457> Check Field OK
INFO	[2021-06-21 13:17:43:113] <144457> Make TID OK INIphpRPAYgugushop0120210621131743131275
INFO	[2021-06-21 13:17:43:113] <144457> PI PUB KEY LOAD OK []
INFO	[2021-06-21 13:17:43:114] <144457> PG PUB KEY LOAD OK [30]
ERROR	[2021-06-21 13:17:43:114] <144457> 상점개인키 로드오류
INFO	[2021-06-21 13:17:43:119] <144457> END repay [TX9109|상점개인키 로드오류] Laptime:[0.006sec]
INFO	[2021-06-21 13:17:43:119] <144457> ===============================================================
