INFO	[2021-07-16 08:40:26:457] <18446> START INIPHP cancel (V5036-141209)(OS:Linux2.6.32-754.35.1.el6.x86_64,PHP:5.6.40)
DEBUG	[2021-07-16 08:40:26:457] <18446> inipayhome:/www_root/shop/inicis
DEBUG	[2021-07-16 08:40:26:457] <18446> debug:true
DEBUG	[2021-07-16 08:40:26:457] <18446> type:cancel
DEBUG	[2021-07-16 08:40:26:457] <18446> mid:gugushop01
DEBUG	[2021-07-16 08:40:26:457] <18446> admin:sbj0
DEBUG	[2021-07-16 08:40:26:457] <18446> tid:INIAPICARDgugushop0120210715103102592162
DEBUG	[2021-07-16 08:40:26:457] <18446> cancelmsg:ºÓ«Œ∏Ù øÓøµ¿⁄ Ω¬¿Œ √Îº“
INFO	[2021-07-16 08:40:26:457] <18446> Check Field OK
INFO	[2021-07-16 08:40:26:457] <18446> PI PUB KEY LOAD OK []
INFO	[2021-07-16 08:40:26:475] <18446> PG PUB KEY LOAD OK [30]
ERROR	[2021-07-16 08:40:26:478] <18446> ÏÉÅÏ†êÍ∞úÏù∏ÌÇ§ Î°úÎìúÏò§Î•ò
INFO	[2021-07-16 08:40:26:483] <18446> END cancel [TX9109|ÏÉÅÏ†êÍ∞úÏù∏ÌÇ§ Î°úÎìúÏò§Î•ò] Laptime:[0.026sec]
INFO	[2021-07-16 08:40:26:483] <18446> ===============================================================
INFO	[2021-07-16 08:41:29:238] <18446> START INIPHP cancel (V5036-141209)(OS:Linux2.6.32-754.35.1.el6.x86_64,PHP:5.6.40)
DEBUG	[2021-07-16 08:41:29:238] <18446> inipayhome:/www_root/shop/inicis
DEBUG	[2021-07-16 08:41:29:238] <18446> debug:true
DEBUG	[2021-07-16 08:41:29:238] <18446> type:cancel
DEBUG	[2021-07-16 08:41:29:238] <18446> mid:gugushop01
DEBUG	[2021-07-16 08:41:29:238] <18446> admin:sbj0
DEBUG	[2021-07-16 08:41:29:238] <18446> tid:INIAPICARDgugushop0120210714181427753138
DEBUG	[2021-07-16 08:41:29:238] <18446> cancelmsg:ºÓ«Œ∏Ù øÓøµ¿⁄ Ω¬¿Œ √Îº“
INFO	[2021-07-16 08:41:29:238] <18446> Check Field OK
INFO	[2021-07-16 08:41:29:238] <18446> PI PUB KEY LOAD OK []
INFO	[2021-07-16 08:41:29:238] <18446> PG PUB KEY LOAD OK [30]
ERROR	[2021-07-16 08:41:29:238] <18446> ÏÉÅÏ†êÍ∞úÏù∏ÌÇ§ Î°úÎìúÏò§Î•ò
INFO	[2021-07-16 08:41:29:243] <18446> END cancel [TX9109|ÏÉÅÏ†êÍ∞úÏù∏ÌÇ§ Î°úÎìúÏò§Î•ò] Laptime:[0.005sec]
INFO	[2021-07-16 08:41:29:243] <18446> ===============================================================
INFO	[2021-07-16 08:41:47:489] <18446> START INIPHP cancel (V5036-141209)(OS:Linux2.6.32-754.35.1.el6.x86_64,PHP:5.6.40)
DEBUG	[2021-07-16 08:41:47:489] <18446> inipayhome:/www_root/shop/inicis
DEBUG	[2021-07-16 08:41:47:489] <18446> debug:true
DEBUG	[2021-07-16 08:41:47:489] <18446> type:cancel
DEBUG	[2021-07-16 08:41:47:489] <18446> mid:gugushop01
DEBUG	[2021-07-16 08:41:47:489] <18446> admin:sbj0
DEBUG	[2021-07-16 08:41:47:489] <18446> tid:INIAPICARDgugushop0120210715103608661196
DEBUG	[2021-07-16 08:41:47:489] <18446> cancelmsg:ºÓ«Œ∏Ù øÓøµ¿⁄ Ω¬¿Œ √Îº“
INFO	[2021-07-16 08:41:47:489] <18446> Check Field OK
INFO	[2021-07-16 08:41:47:489] <18446> PI PUB KEY LOAD OK []
INFO	[2021-07-16 08:41:47:490] <18446> PG PUB KEY LOAD OK [30]
ERROR	[2021-07-16 08:41:47:490] <18446> ÏÉÅÏ†êÍ∞úÏù∏ÌÇ§ Î°úÎìúÏò§Î•ò
INFO	[2021-07-16 08:41:47:495] <18446> END cancel [TX9109|ÏÉÅÏ†êÍ∞úÏù∏ÌÇ§ Î°úÎìúÏò§Î•ò] Laptime:[0.005sec]
INFO	[2021-07-16 08:41:47:495] <18446> ===============================================================
