INFO	[2021-06-23 13:11:39:253] <115924> START INIPHP cancel (V5036-141209)(OS:Linux2.6.32-754.35.1.el6.x86_64,PHP:5.6.40)
DEBUG	[2021-06-23 13:11:39:253] <115924> inipayhome:/www_root/shop/inicis
DEBUG	[2021-06-23 13:11:39:253] <115924> debug:true
DEBUG	[2021-06-23 13:11:39:253] <115924> type:cancel
DEBUG	[2021-06-23 13:11:39:253] <115924> mid:gugushop01
DEBUG	[2021-06-23 13:11:39:253] <115924> admin:sbj0
DEBUG	[2021-06-23 13:11:39:253] <115924> tid:INIAPICARDgugushop0120210623130905055122
DEBUG	[2021-06-23 13:11:39:253] <115924> cancelmsg:ºÓ«Œ∏Ù øÓøµ¿⁄ Ω¬¿Œ √Îº“
INFO	[2021-06-23 13:11:39:253] <115924> Check Field OK
INFO	[2021-06-23 13:11:39:253] <115924> PI PUB KEY LOAD OK []
INFO	[2021-06-23 13:11:39:282] <115924> PG PUB KEY LOAD OK [30]
ERROR	[2021-06-23 13:11:39:282] <115924> ÏÉÅÏ†êÍ∞úÏù∏ÌÇ§ Î°úÎìúÏò§Î•ò
INFO	[2021-06-23 13:11:39:288] <115924> END cancel [TX9109|ÏÉÅÏ†êÍ∞úÏù∏ÌÇ§ Î°úÎìúÏò§Î•ò] Laptime:[0.035sec]
INFO	[2021-06-23 13:11:39:288] <115924> ===============================================================
INFO	[2021-06-23 14:12:16:405] <87300> START INIPHP cancel (V5036-141209)(OS:Linux2.6.32-754.35.1.el6.x86_64,PHP:5.6.40)
DEBUG	[2021-06-23 14:12:16:405] <87300> inipayhome:/www_root/shop/inicis
DEBUG	[2021-06-23 14:12:16:405] <87300> debug:true
DEBUG	[2021-06-23 14:12:16:405] <87300> type:cancel
DEBUG	[2021-06-23 14:12:16:405] <87300> mid:gugushop01
DEBUG	[2021-06-23 14:12:16:405] <87300> admin:sbj0
DEBUG	[2021-06-23 14:12:16:405] <87300> tid:INIAPICARDgugushop0120210623135355474185
DEBUG	[2021-06-23 14:12:16:405] <87300> cancelmsg:ºÓ«Œ∏Ù øÓøµ¿⁄ Ω¬¿Œ √Îº“
INFO	[2021-06-23 14:12:16:405] <87300> Check Field OK
INFO	[2021-06-23 14:12:16:405] <87300> PI PUB KEY LOAD OK []
INFO	[2021-06-23 14:12:16:406] <87300> PG PUB KEY LOAD OK [30]
ERROR	[2021-06-23 14:12:16:406] <87300> ÏÉÅÏ†êÍ∞úÏù∏ÌÇ§ Î°úÎìúÏò§Î•ò
INFO	[2021-06-23 14:12:16:411] <87300> END cancel [TX9109|ÏÉÅÏ†êÍ∞úÏù∏ÌÇ§ Î°úÎìúÏò§Î•ò] Laptime:[0.006sec]
INFO	[2021-06-23 14:12:16:411] <87300> ===============================================================
INFO	[2021-06-23 14:12:30:487] <87300> START INIPHP cancel (V5036-141209)(OS:Linux2.6.32-754.35.1.el6.x86_64,PHP:5.6.40)
DEBUG	[2021-06-23 14:12:30:487] <87300> inipayhome:/www_root/shop/inicis
DEBUG	[2021-06-23 14:12:30:487] <87300> debug:true
DEBUG	[2021-06-23 14:12:30:487] <87300> type:cancel
DEBUG	[2021-06-23 14:12:30:487] <87300> mid:gugushop01
DEBUG	[2021-06-23 14:12:30:487] <87300> admin:sbj0
DEBUG	[2021-06-23 14:12:30:487] <87300> tid:INIAPICARDgugushop0120210623140207895151
DEBUG	[2021-06-23 14:12:30:487] <87300> cancelmsg:ºÓ«Œ∏Ù øÓøµ¿⁄ Ω¬¿Œ √Îº“
INFO	[2021-06-23 14:12:30:487] <87300> Check Field OK
INFO	[2021-06-23 14:12:30:487] <87300> PI PUB KEY LOAD OK []
INFO	[2021-06-23 14:12:30:488] <87300> PG PUB KEY LOAD OK [30]
ERROR	[2021-06-23 14:12:30:488] <87300> ÏÉÅÏ†êÍ∞úÏù∏ÌÇ§ Î°úÎìúÏò§Î•ò
INFO	[2021-06-23 14:12:30:492] <87300> END cancel [TX9109|ÏÉÅÏ†êÍ∞úÏù∏ÌÇ§ Î°úÎìúÏò§Î•ò] Laptime:[0.005sec]
INFO	[2021-06-23 14:12:30:492] <87300> ===============================================================
INFO	[2021-06-23 14:12:51:602] <87300> START INIPHP cancel (V5036-141209)(OS:Linux2.6.32-754.35.1.el6.x86_64,PHP:5.6.40)
DEBUG	[2021-06-23 14:12:51:602] <87300> inipayhome:/www_root/shop/inicis
DEBUG	[2021-06-23 14:12:51:602] <87300> debug:true
DEBUG	[2021-06-23 14:12:51:602] <87300> type:cancel
DEBUG	[2021-06-23 14:12:51:602] <87300> mid:gugushop01
DEBUG	[2021-06-23 14:12:51:602] <87300> admin:sbj0
DEBUG	[2021-06-23 14:12:51:602] <87300> tid:INIAPICARDgugushop0120210623140417874155
DEBUG	[2021-06-23 14:12:51:602] <87300> cancelmsg:ºÓ«Œ∏Ù øÓøµ¿⁄ Ω¬¿Œ √Îº“
INFO	[2021-06-23 14:12:51:602] <87300> Check Field OK
INFO	[2021-06-23 14:12:51:602] <87300> PI PUB KEY LOAD OK []
INFO	[2021-06-23 14:12:51:603] <87300> PG PUB KEY LOAD OK [30]
ERROR	[2021-06-23 14:12:51:603] <87300> ÏÉÅÏ†êÍ∞úÏù∏ÌÇ§ Î°úÎìúÏò§Î•ò
INFO	[2021-06-23 14:12:51:608] <87300> END cancel [TX9109|ÏÉÅÏ†êÍ∞úÏù∏ÌÇ§ Î°úÎìúÏò§Î•ò] Laptime:[0.006sec]
INFO	[2021-06-23 14:12:51:608] <87300> ===============================================================
INFO	[2021-06-23 14:13:11:596] <87300> START INIPHP cancel (V5036-141209)(OS:Linux2.6.32-754.35.1.el6.x86_64,PHP:5.6.40)
DEBUG	[2021-06-23 14:13:11:596] <87300> inipayhome:/www_root/shop/inicis
DEBUG	[2021-06-23 14:13:11:596] <87300> debug:true
DEBUG	[2021-06-23 14:13:11:596] <87300> type:cancel
DEBUG	[2021-06-23 14:13:11:596] <87300> mid:gugushop01
DEBUG	[2021-06-23 14:13:11:596] <87300> admin:sbj0
DEBUG	[2021-06-23 14:13:11:596] <87300> tid:INIAPICARDgugushop0120210623140510285105
DEBUG	[2021-06-23 14:13:11:596] <87300> cancelmsg:ºÓ«Œ∏Ù øÓøµ¿⁄ Ω¬¿Œ √Îº“
INFO	[2021-06-23 14:13:11:596] <87300> Check Field OK
INFO	[2021-06-23 14:13:11:596] <87300> PI PUB KEY LOAD OK []
INFO	[2021-06-23 14:13:11:596] <87300> PG PUB KEY LOAD OK [30]
ERROR	[2021-06-23 14:13:11:597] <87300> ÏÉÅÏ†êÍ∞úÏù∏ÌÇ§ Î°úÎìúÏò§Î•ò
INFO	[2021-06-23 14:13:11:605] <87300> END cancel [TX9109|ÏÉÅÏ†êÍ∞úÏù∏ÌÇ§ Î°úÎìúÏò§Î•ò] Laptime:[0.01sec]
INFO	[2021-06-23 14:13:11:605] <87300> ===============================================================
INFO	[2021-06-23 14:51:38:595] <13268> START INIPHP cancel (V5036-141209)(OS:Linux2.6.32-754.35.1.el6.x86_64,PHP:5.6.40)
DEBUG	[2021-06-23 14:51:38:595] <13268> inipayhome:/www_root/shop/inicis
DEBUG	[2021-06-23 14:51:38:595] <13268> debug:true
DEBUG	[2021-06-23 14:51:38:595] <13268> type:cancel
DEBUG	[2021-06-23 14:51:38:595] <13268> mid:gugushop01
DEBUG	[2021-06-23 14:51:38:595] <13268> admin:sbj0
DEBUG	[2021-06-23 14:51:38:595] <13268> tid:INIAPICARDgugushop0120210623144701735127
DEBUG	[2021-06-23 14:51:38:595] <13268> cancelmsg:¡÷πÆ¿⁄ ∫ª¿Œ √Îº“-
INFO	[2021-06-23 14:51:38:595] <13268> Check Field OK
INFO	[2021-06-23 14:51:38:595] <13268> PI PUB KEY LOAD OK []
INFO	[2021-06-23 14:51:38:595] <13268> PG PUB KEY LOAD OK [30]
ERROR	[2021-06-23 14:51:38:595] <13268> ÏÉÅÏ†êÍ∞úÏù∏ÌÇ§ Î°úÎìúÏò§Î•ò
INFO	[2021-06-23 14:51:38:601] <13268> END cancel [TX9109|ÏÉÅÏ†êÍ∞úÏù∏ÌÇ§ Î°úÎìúÏò§Î•ò] Laptime:[0.006sec]
INFO	[2021-06-23 14:51:38:601] <13268> ===============================================================
INFO	[2021-06-23 16:01:30:26] <84338> START INIPHP cancel (V5036-141209)(OS:Linux2.6.32-754.35.1.el6.x86_64,PHP:5.6.40)
DEBUG	[2021-06-23 16:01:30:26] <84338> inipayhome:/www_root/shop/inicis
DEBUG	[2021-06-23 16:01:30:26] <84338> debug:true
DEBUG	[2021-06-23 16:01:30:26] <84338> type:cancel
DEBUG	[2021-06-23 16:01:30:26] <84338> mid:gugushop01
DEBUG	[2021-06-23 16:01:30:26] <84338> admin:sbj0
DEBUG	[2021-06-23 16:01:30:26] <84338> tid:INIAPICARDgugushop0120210623153318104108
DEBUG	[2021-06-23 16:01:30:26] <84338> cancelmsg:¡÷πÆ¿⁄ ∫ª¿Œ √Îº“-
INFO	[2021-06-23 16:01:30:26] <84338> Check Field OK
INFO	[2021-06-23 16:01:30:26] <84338> PI PUB KEY LOAD OK []
INFO	[2021-06-23 16:01:30:27] <84338> PG PUB KEY LOAD OK [30]
ERROR	[2021-06-23 16:01:30:27] <84338> ÏÉÅÏ†êÍ∞úÏù∏ÌÇ§ Î°úÎìúÏò§Î•ò
INFO	[2021-06-23 16:01:30:32] <84338> END cancel [TX9109|ÏÉÅÏ†êÍ∞úÏù∏ÌÇ§ Î°úÎìúÏò§Î•ò] Laptime:[0.006sec]
INFO	[2021-06-23 16:01:30:32] <84338> ===============================================================
INFO	[2021-06-23 16:05:01:41] <21588> START INIPHP cancel (V5036-141209)(OS:Linux2.6.32-754.35.1.el6.x86_64,PHP:5.6.40)
DEBUG	[2021-06-23 16:05:01:41] <21588> inipayhome:/www_root/shop/inicis
DEBUG	[2021-06-23 16:05:01:41] <21588> debug:true
DEBUG	[2021-06-23 16:05:01:41] <21588> type:cancel
DEBUG	[2021-06-23 16:05:01:41] <21588> mid:gugushop01
DEBUG	[2021-06-23 16:05:01:41] <21588> admin:sbj0
DEBUG	[2021-06-23 16:05:01:41] <21588> tid:INIAPICARDgugushop0120210623153318104108
DEBUG	[2021-06-23 16:05:01:41] <21588> cancelmsg:¡÷πÆ¿⁄ ∫ª¿Œ √Îº“-
INFO	[2021-06-23 16:05:01:41] <21588> Check Field OK
INFO	[2021-06-23 16:05:01:41] <21588> PI PUB KEY LOAD OK []
INFO	[2021-06-23 16:05:01:42] <21588> PG PUB KEY LOAD OK [30]
ERROR	[2021-06-23 16:05:01:43] <21588> ÏÉÅÏ†êÍ∞úÏù∏ÌÇ§ Î°úÎìúÏò§Î•ò
INFO	[2021-06-23 16:05:01:47] <21588> END cancel [TX9109|ÏÉÅÏ†êÍ∞úÏù∏ÌÇ§ Î°úÎìúÏò§Î•ò] Laptime:[0.006sec]
INFO	[2021-06-23 16:05:01:47] <21588> ===============================================================
INFO	[2021-06-23 17:17:38:935] <21084> START INIPHP cancel (V5036-141209)(OS:Linux2.6.32-754.35.1.el6.x86_64,PHP:5.6.40)
DEBUG	[2021-06-23 17:17:38:935] <21084> inipayhome:/www_root/shop/inicis
DEBUG	[2021-06-23 17:17:38:935] <21084> debug:true
DEBUG	[2021-06-23 17:17:38:935] <21084> type:cancel
DEBUG	[2021-06-23 17:17:38:935] <21084> mid:gugushop01
DEBUG	[2021-06-23 17:17:38:935] <21084> admin:sbj0
DEBUG	[2021-06-23 17:17:38:935] <21084> tid:INIAPICARDgugushop0120210623153318104108
DEBUG	[2021-06-23 17:17:38:935] <21084> cancelmsg:¡÷πÆ¿⁄ ∫ª¿Œ √Îº“-
INFO	[2021-06-23 17:17:38:935] <21084> Check Field OK
INFO	[2021-06-23 17:17:38:935] <21084> PI PUB KEY LOAD OK []
INFO	[2021-06-23 17:17:38:936] <21084> PG PUB KEY LOAD OK [30]
ERROR	[2021-06-23 17:17:38:936] <21084> ÏÉÅÏ†êÍ∞úÏù∏ÌÇ§ Î°úÎìúÏò§Î•ò
INFO	[2021-06-23 17:17:38:940] <21084> END cancel [TX9109|ÏÉÅÏ†êÍ∞úÏù∏ÌÇ§ Î°úÎìúÏò§Î•ò] Laptime:[0.005sec]
INFO	[2021-06-23 17:17:38:940] <21084> ===============================================================
INFO	[2021-06-23 17:22:10:999] <133066> START INIPHP cancel (V5036-141209)(OS:Linux2.6.32-754.35.1.el6.x86_64,PHP:5.6.40)
DEBUG	[2021-06-23 17:22:10:999] <133066> inipayhome:/www_root/shop/inicis
DEBUG	[2021-06-23 17:22:10:999] <133066> debug:true
DEBUG	[2021-06-23 17:22:10:999] <133066> type:cancel
DEBUG	[2021-06-23 17:22:10:999] <133066> mid:gugushop01
DEBUG	[2021-06-23 17:22:10:999] <133066> admin:sbj0
DEBUG	[2021-06-23 17:22:10:999] <133066> tid:INIAPICARDgugushop0120210623153318104108
DEBUG	[2021-06-23 17:22:10:999] <133066> cancelmsg:¡÷πÆ¿⁄ ∫ª¿Œ √Îº“-
INFO	[2021-06-23 17:22:10:999] <133066> Check Field OK
INFO	[2021-06-23 17:22:10:999] <133066> PI PUB KEY LOAD OK []
INFO	[2021-06-23 17:22:10:999] <133066> PG PUB KEY LOAD OK [30]
ERROR	[2021-06-23 17:22:11:0] <133066> ÏÉÅÏ†êÍ∞úÏù∏ÌÇ§ Î°úÎìúÏò§Î•ò
INFO	[2021-06-23 17:22:11:3] <133066> END cancel [TX9109|ÏÉÅÏ†êÍ∞úÏù∏ÌÇ§ Î°úÎìúÏò§Î•ò] Laptime:[0.005sec]
INFO	[2021-06-23 17:22:11:3] <133066> ===============================================================
INFO	[2021-06-23 17:26:08:461] <104245> START INIPHP cancel (V5036-141209)(OS:Linux2.6.32-754.35.1.el6.x86_64,PHP:5.6.40)
DEBUG	[2021-06-23 17:26:08:461] <104245> inipayhome:/www_root/shop/inicis
DEBUG	[2021-06-23 17:26:08:461] <104245> debug:true
DEBUG	[2021-06-23 17:26:08:461] <104245> type:cancel
DEBUG	[2021-06-23 17:26:08:461] <104245> mid:gugushop01
DEBUG	[2021-06-23 17:26:08:461] <104245> admin:sbj0
DEBUG	[2021-06-23 17:26:08:461] <104245> tid:INIAPICARDgugushop0120210623144701735127
DEBUG	[2021-06-23 17:26:08:461] <104245> cancelmsg:¡÷πÆ¿⁄ ∫ª¿Œ √Îº“-
INFO	[2021-06-23 17:26:08:461] <104245> Check Field OK
INFO	[2021-06-23 17:26:08:461] <104245> PI PUB KEY LOAD OK []
INFO	[2021-06-23 17:26:08:462] <104245> PG PUB KEY LOAD OK [30]
ERROR	[2021-06-23 17:26:08:462] <104245> ÏÉÅÏ†êÍ∞úÏù∏ÌÇ§ Î°úÎìúÏò§Î•ò
INFO	[2021-06-23 17:26:08:468] <104245> END cancel [TX9109|ÏÉÅÏ†êÍ∞úÏù∏ÌÇ§ Î°úÎìúÏò§Î•ò] Laptime:[0.008sec]
INFO	[2021-06-23 17:26:08:468] <104245> ===============================================================
