INFO	[2021-09-06 09:37:23:233] <67966> START INIPHP cancel (V5036-141209)(OS:Linux2.6.32-754.35.1.el6.x86_64,PHP:5.6.40)
DEBUG	[2021-09-06 09:37:23:233] <67966> inipayhome:/www_root/shop/inicis
DEBUG	[2021-09-06 09:37:23:233] <67966> debug:true
DEBUG	[2021-09-06 09:37:23:233] <67966> type:cancel
DEBUG	[2021-09-06 09:37:23:233] <67966> mid:gugushop01
DEBUG	[2021-09-06 09:37:23:233] <67966> admin:sbj0
DEBUG	[2021-09-06 09:37:23:233] <67966> tid:INIAPICARDgugushop0120210903155530582130
DEBUG	[2021-09-06 09:37:23:233] <67966> cancelmsg:ºÓ«Œ∏Ù øÓøµ¿⁄ Ω¬¿Œ √Îº“
INFO	[2021-09-06 09:37:23:233] <67966> Check Field OK
INFO	[2021-09-06 09:37:23:233] <67966> PI PUB KEY LOAD OK []
INFO	[2021-09-06 09:37:23:261] <67966> PG PUB KEY LOAD OK [30]
ERROR	[2021-09-06 09:37:23:261] <67966> ÏÉÅÏ†êÍ∞úÏù∏ÌÇ§ Î°úÎìúÏò§Î•ò
INFO	[2021-09-06 09:37:23:271] <67966> END cancel [TX9109|ÏÉÅÏ†êÍ∞úÏù∏ÌÇ§ Î°úÎìúÏò§Î•ò] Laptime:[0.038sec]
INFO	[2021-09-06 09:37:23:271] <67966> ===============================================================
INFO	[2021-09-06 09:37:31:931] <67966> START INIPHP cancel (V5036-141209)(OS:Linux2.6.32-754.35.1.el6.x86_64,PHP:5.6.40)
DEBUG	[2021-09-06 09:37:31:931] <67966> inipayhome:/www_root/shop/inicis
DEBUG	[2021-09-06 09:37:31:931] <67966> debug:true
DEBUG	[2021-09-06 09:37:31:931] <67966> type:cancel
DEBUG	[2021-09-06 09:37:31:931] <67966> mid:gugushop01
DEBUG	[2021-09-06 09:37:31:931] <67966> admin:sbj0
DEBUG	[2021-09-06 09:37:31:931] <67966> tid:INIAPICARDgugushop0120210903161043732108
DEBUG	[2021-09-06 09:37:31:931] <67966> cancelmsg:ºÓ«Œ∏Ù øÓøµ¿⁄ Ω¬¿Œ √Îº“
INFO	[2021-09-06 09:37:31:931] <67966> Check Field OK
INFO	[2021-09-06 09:37:31:931] <67966> PI PUB KEY LOAD OK []
INFO	[2021-09-06 09:37:31:932] <67966> PG PUB KEY LOAD OK [30]
ERROR	[2021-09-06 09:37:31:932] <67966> ÏÉÅÏ†êÍ∞úÏù∏ÌÇ§ Î°úÎìúÏò§Î•ò
INFO	[2021-09-06 09:37:31:937] <67966> END cancel [TX9109|ÏÉÅÏ†êÍ∞úÏù∏ÌÇ§ Î°úÎìúÏò§Î•ò] Laptime:[0.006sec]
INFO	[2021-09-06 09:37:31:937] <67966> ===============================================================
