INFO	[2021-06-24 09:22:26:173] <98249> START INIPHP cancel (V5036-141209)(OS:Linux2.6.32-754.35.1.el6.x86_64,PHP:5.6.40)
DEBUG	[2021-06-24 09:22:26:173] <98249> inipayhome:/www_root/shop/inicis
DEBUG	[2021-06-24 09:22:26:173] <98249> debug:true
DEBUG	[2021-06-24 09:22:26:173] <98249> type:cancel
DEBUG	[2021-06-24 09:22:26:173] <98249> mid:gugushop01
DEBUG	[2021-06-24 09:22:26:173] <98249> admin:sbj0
DEBUG	[2021-06-24 09:22:26:173] <98249> tid:INIAPICARDgugushop0120210623153318104108
DEBUG	[2021-06-24 09:22:26:173] <98249> cancelmsg:ºÓ«Œ∏Ù øÓøµ¿⁄ Ω¬¿Œ √Îº“
INFO	[2021-06-24 09:22:26:173] <98249> Check Field OK
INFO	[2021-06-24 09:22:26:173] <98249> PI PUB KEY LOAD OK []
INFO	[2021-06-24 09:22:26:189] <98249> PG PUB KEY LOAD OK [30]
ERROR	[2021-06-24 09:22:26:189] <98249> ÏÉÅÏ†êÍ∞úÏù∏ÌÇ§ Î°úÎìúÏò§Î•ò
INFO	[2021-06-24 09:22:26:195] <98249> END cancel [TX9109|ÏÉÅÏ†êÍ∞úÏù∏ÌÇ§ Î°úÎìúÏò§Î•ò] Laptime:[0.022sec]
INFO	[2021-06-24 09:22:26:195] <98249> ===============================================================
INFO	[2021-06-24 09:22:35:340] <98249> START INIPHP cancel (V5036-141209)(OS:Linux2.6.32-754.35.1.el6.x86_64,PHP:5.6.40)
DEBUG	[2021-06-24 09:22:35:340] <98249> inipayhome:/www_root/shop/inicis
DEBUG	[2021-06-24 09:22:35:340] <98249> debug:true
DEBUG	[2021-06-24 09:22:35:340] <98249> type:cancel
DEBUG	[2021-06-24 09:22:35:340] <98249> mid:gugushop01
DEBUG	[2021-06-24 09:22:35:340] <98249> admin:sbj0
DEBUG	[2021-06-24 09:22:35:340] <98249> tid:INIAPICARDgugushop0120210623144701735127
DEBUG	[2021-06-24 09:22:35:340] <98249> cancelmsg:ºÓ«Œ∏Ù øÓøµ¿⁄ Ω¬¿Œ √Îº“
INFO	[2021-06-24 09:22:35:340] <98249> Check Field OK
INFO	[2021-06-24 09:22:35:340] <98249> PI PUB KEY LOAD OK []
INFO	[2021-06-24 09:22:35:341] <98249> PG PUB KEY LOAD OK [30]
ERROR	[2021-06-24 09:22:35:341] <98249> ÏÉÅÏ†êÍ∞úÏù∏ÌÇ§ Î°úÎìúÏò§Î•ò
INFO	[2021-06-24 09:22:35:347] <98249> END cancel [TX9109|ÏÉÅÏ†êÍ∞úÏù∏ÌÇ§ Î°úÎìúÏò§Î•ò] Laptime:[0.007sec]
INFO	[2021-06-24 09:22:35:347] <98249> ===============================================================
