INFO	[2021-07-01 10:13:31:283] <26363> START INIPHP cancel (V5036-141209)(OS:Linux2.6.32-754.35.1.el6.x86_64,PHP:5.6.40)
DEBUG	[2021-07-01 10:13:31:283] <26363> inipayhome:/www_root/shop/inicis
DEBUG	[2021-07-01 10:13:31:283] <26363> debug:true
DEBUG	[2021-07-01 10:13:31:283] <26363> type:cancel
DEBUG	[2021-07-01 10:13:31:283] <26363> mid:gugushop01
DEBUG	[2021-07-01 10:13:31:283] <26363> admin:sbj0
DEBUG	[2021-07-01 10:13:31:283] <26363> tid:INIAPICARDgugushop0120210701101205494149
DEBUG	[2021-07-01 10:13:31:283] <26363> cancelmsg:ºÓ«Œ∏Ù øÓøµ¿⁄ Ω¬¿Œ √Îº“
INFO	[2021-07-01 10:13:31:283] <26363> Check Field OK
INFO	[2021-07-01 10:13:31:283] <26363> PI PUB KEY LOAD OK []
INFO	[2021-07-01 10:13:31:313] <26363> PG PUB KEY LOAD OK [30]
ERROR	[2021-07-01 10:13:31:313] <26363> ÏÉÅÏ†êÍ∞úÏù∏ÌÇ§ Î°úÎìúÏò§Î•ò
INFO	[2021-07-01 10:13:31:319] <26363> END cancel [TX9109|ÏÉÅÏ†êÍ∞úÏù∏ÌÇ§ Î°úÎìúÏò§Î•ò] Laptime:[0.035sec]
INFO	[2021-07-01 10:13:31:319] <26363> ===============================================================
INFO	[2021-07-01 16:25:33:921] <135377> START INIPHP cancel (V5036-141209)(OS:Linux2.6.32-754.35.1.el6.x86_64,PHP:5.6.40)
DEBUG	[2021-07-01 16:25:33:921] <135377> inipayhome:/www_root/shop/inicis
DEBUG	[2021-07-01 16:25:33:921] <135377> debug:true
DEBUG	[2021-07-01 16:25:33:921] <135377> type:cancel
DEBUG	[2021-07-01 16:25:33:921] <135377> mid:gugushop01
DEBUG	[2021-07-01 16:25:33:921] <135377> admin:sbj0
DEBUG	[2021-07-01 16:25:33:921] <135377> tid:INIAPICARDgugushop0120210701162433473149
DEBUG	[2021-07-01 16:25:33:921] <135377> cancelmsg:ºÓ«Œ∏Ù øÓøµ¿⁄ Ω¬¿Œ √Îº“
INFO	[2021-07-01 16:25:33:921] <135377> Check Field OK
INFO	[2021-07-01 16:25:33:921] <135377> PI PUB KEY LOAD OK []
INFO	[2021-07-01 16:25:33:936] <135377> PG PUB KEY LOAD OK [30]
ERROR	[2021-07-01 16:25:33:945] <135377> ÏÉÅÏ†êÍ∞úÏù∏ÌÇ§ Î°úÎìúÏò§Î•ò
INFO	[2021-07-01 16:25:33:951] <135377> END cancel [TX9109|ÏÉÅÏ†êÍ∞úÏù∏ÌÇ§ Î°úÎìúÏò§Î•ò] Laptime:[0.03sec]
INFO	[2021-07-01 16:25:33:951] <135377> ===============================================================
