INFO	[2021-06-17 12:34:03:819] <135519> START INIPHP cancel (V5036-141209)(OS:Linux2.6.32-754.35.1.el6.x86_64,PHP:5.6.40)
DEBUG	[2021-06-17 12:34:03:819] <135519> inipayhome:/www_root/shop/inicis
DEBUG	[2021-06-17 12:34:03:819] <135519> debug:true
DEBUG	[2021-06-17 12:34:03:819] <135519> type:cancel
DEBUG	[2021-06-17 12:34:03:819] <135519> mid:gugushop01
DEBUG	[2021-06-17 12:34:03:819] <135519> admin:sbj0
DEBUG	[2021-06-17 12:34:03:819] <135519> tid:INIAPICARDgugushop0120210617121810553573
DEBUG	[2021-06-17 12:34:03:819] <135519> cancelmsg:ΑΦΉ®ΐΪ Ί»ΐΞ ΓλΌ-
INFO	[2021-06-17 12:34:03:819] <135519> Check Field OK
INFO	[2021-06-17 12:34:03:819] <135519> PI PUB KEY LOAD OK []
INFO	[2021-06-17 12:34:03:843] <135519> PG PUB KEY LOAD OK [30]
ERROR	[2021-06-17 12:34:03:843] <135519> μƒμ κ°μΈν‚¤ λ΅λ“μ¤λ¥
INFO	[2021-06-17 12:34:03:853] <135519> END cancel [TX9109|μƒμ κ°μΈν‚¤ λ΅λ“μ¤λ¥] Laptime:[0.034sec]
INFO	[2021-06-17 12:34:03:853] <135519> ===============================================================
INFO	[2021-06-17 12:34:22:486] <16557> START INIPHP cancel (V5036-141209)(OS:Linux2.6.32-754.35.1.el6.x86_64,PHP:5.6.40)
DEBUG	[2021-06-17 12:34:22:486] <16557> inipayhome:/www_root/shop/inicis
DEBUG	[2021-06-17 12:34:22:486] <16557> debug:true
DEBUG	[2021-06-17 12:34:22:486] <16557> type:cancel
DEBUG	[2021-06-17 12:34:22:486] <16557> mid:gugushop01
DEBUG	[2021-06-17 12:34:22:486] <16557> admin:sbj0
DEBUG	[2021-06-17 12:34:22:486] <16557> tid:INIAPICARDgugushop0120210617121810553573
DEBUG	[2021-06-17 12:34:22:486] <16557> cancelmsg:ΑΦΉ®ΐΪ Ί»ΐΞ ΓλΌ-
INFO	[2021-06-17 12:34:22:486] <16557> Check Field OK
INFO	[2021-06-17 12:34:22:486] <16557> PI PUB KEY LOAD OK []
INFO	[2021-06-17 12:34:22:487] <16557> PG PUB KEY LOAD OK [30]
ERROR	[2021-06-17 12:34:22:487] <16557> μƒμ κ°μΈν‚¤ λ΅λ“μ¤λ¥
INFO	[2021-06-17 12:34:22:491] <16557> END cancel [TX9109|μƒμ κ°μΈν‚¤ λ΅λ“μ¤λ¥] Laptime:[0.005sec]
INFO	[2021-06-17 12:34:22:491] <16557> ===============================================================
INFO	[2021-06-17 13:22:10:974] <24142> START INIPHP cancel (V5036-141209)(OS:Linux2.6.32-754.35.1.el6.x86_64,PHP:5.6.40)
DEBUG	[2021-06-17 13:22:10:974] <24142> inipayhome:/www_root/shop/inicis
DEBUG	[2021-06-17 13:22:10:974] <24142> debug:true
DEBUG	[2021-06-17 13:22:10:974] <24142> type:cancel
DEBUG	[2021-06-17 13:22:10:974] <24142> mid:gugushop01
DEBUG	[2021-06-17 13:22:10:974] <24142> admin:sbj0
DEBUG	[2021-06-17 13:22:10:974] <24142> tid:INIAPICARDgugushop0120210617132001860593
DEBUG	[2021-06-17 13:22:10:974] <24142> cancelmsg:ΌξΗΞΈτ ΏξΏµΐΪ ½ΒΐΞ ΓλΌ
INFO	[2021-06-17 13:22:10:974] <24142> Check Field OK
INFO	[2021-06-17 13:22:10:974] <24142> PI PUB KEY LOAD OK []
INFO	[2021-06-17 13:22:10:974] <24142> PG PUB KEY LOAD OK [30]
ERROR	[2021-06-17 13:22:10:975] <24142> μƒμ κ°μΈν‚¤ λ΅λ“μ¤λ¥
INFO	[2021-06-17 13:22:10:979] <24142> END cancel [TX9109|μƒμ κ°μΈν‚¤ λ΅λ“μ¤λ¥] Laptime:[0.006sec]
INFO	[2021-06-17 13:22:10:979] <24142> ===============================================================
